Starting build...
Working in /var/folders/c2/mhy3kjpn3fxbwz_q9nq5lftr0000gn/T/tmprxepa2zq
Running pio run...
Exit code: 0
********************************************************************************
Obsolete PIO Core v6.1.18 is used (previous was 6.1.19)
Please remove multiple PIO Cores from a system:
https://docs.platformio.org/en/latest/core/installation/troubleshooting.html
********************************************************************************
Processing esp32-c3-devkitm-1 (platform: espressif32; board: esp32-c3-devkitm-1; framework: arduino)
--------------------------------------------------------------------------------
Library Manager: Installing knolleary/PubSubClient @ ^2.8
Unpacking 0% 10% 20% 30% 40% 50% 60% 70% 80% 90% 100%
Library Manager: PubSubClient@2.8.0 has been installed!
Library Manager: Installing bblanchon/ArduinoJson @ ^6.21.3
Unpacking 0% 10% 20% 30% 40% 50% 60% 70% 80% 90% 100%
Library Manager: ArduinoJson@6.21.6 has been installed!
Verbose mode can be enabled via `-v, --verbose` option
CONFIGURATION: https://docs.platformio.org/page/boards/espressif32/esp32-c3-devkitm-1.html
PLATFORM: Espressif 32 (6.13.0) > Espressif ESP32-C3-DevKitM-1
HARDWARE: ESP32C3 160MHz, 320KB RAM, 4MB Flash
DEBUG: Current (cmsis-dap) External (cmsis-dap, esp-bridge, esp-builtin, esp-prog, iot-bus-jtag, jlink, minimodule, olimex-arm-usb-ocd, olimex-arm-usb-ocd-h, olimex-arm-usb-tiny-h, olimex-jtag-tiny, tumpa)
PACKAGES: 
 - framework-arduinoespressif32 @ 3.20017.241212+sha.dcc1105b 
 - tool-esptoolpy @ 2.41100.0 (4.11.0) 
 - toolchain-riscv32-esp @ 8.4.0+2021r2-patch5
LDF: Library Dependency Finder -> https://bit.ly/configure-pio-ldf
LDF Modes: Finder ~ chain, Compatibility ~ soft
Found 35 compatible libraries
Scanning dependencies...
Dependency Graph
|-- PubSubClient @ 2.8.0
|-- ArduinoJson @ 6.21.6
|-- WiFi @ 2.0.0
|-- Wire @ 2.0.0
Building in release mode
Compiling .pio/build/esp32-c3-devkitm-1/src/main.cpp.o
Building .pio/build/esp32-c3-devkitm-1/bootloader.bin
Generating partitions .pio/build/esp32-c3-devkitm-1/partitions.bin
esptool.py v4.11.0
Creating esp32c3 image...
Merged 1 ELF section
Successfully created esp32c3 image.
Compiling .pio/build/esp32-c3-devkitm-1/libbcd/PubSubClient/PubSubClient.cpp.o
Compiling .pio/build/esp32-c3-devkitm-1/lib697/WiFi/WiFi.cpp.o
Compiling .pio/build/esp32-c3-devkitm-1/lib697/WiFi/WiFiAP.cpp.o
Compiling .pio/build/esp32-c3-devkitm-1/lib697/WiFi/WiFiClient.cpp.o
Compiling .pio/build/esp32-c3-devkitm-1/lib697/WiFi/WiFiGeneric.cpp.o
Compiling .pio/build/esp32-c3-devkitm-1/lib697/WiFi/WiFiMulti.cpp.o
Compiling .pio/build/esp32-c3-devkitm-1/lib697/WiFi/WiFiSTA.cpp.o
Compiling .pio/build/esp32-c3-devkitm-1/lib697/WiFi/WiFiScan.cpp.o
Archiving .pio/build/esp32-c3-devkitm-1/libbcd/libPubSubClient.a
Indexing .pio/build/esp32-c3-devkitm-1/libbcd/libPubSubClient.a
Compiling .pio/build/esp32-c3-devkitm-1/lib697/WiFi/WiFiServer.cpp.o
Compiling .pio/build/esp32-c3-devkitm-1/lib697/WiFi/WiFiUdp.cpp.o
Compiling .pio/build/esp32-c3-devkitm-1/lib150/Wire/Wire.cpp.o
Compiling .pio/build/esp32-c3-devkitm-1/FrameworkArduino/Esp.cpp.o
Compiling .pio/build/esp32-c3-devkitm-1/FrameworkArduino/FirmwareMSC.cpp.o
Compiling .pio/build/esp32-c3-devkitm-1/FrameworkArduino/FunctionalInterrupt.cpp.o
Compiling .pio/build/esp32-c3-devkitm-1/FrameworkArduino/HWCDC.cpp.o
Compiling .pio/build/esp32-c3-devkitm-1/FrameworkArduino/HardwareSerial.cpp.o
Compiling .pio/build/esp32-c3-devkitm-1/FrameworkArduino/IPAddress.cpp.o
Compiling .pio/build/esp32-c3-devkitm-1/FrameworkArduino/IPv6Address.cpp.o
Archiving .pio/build/esp32-c3-devkitm-1/lib697/libWiFi.a
Indexing .pio/build/esp32-c3-devkitm-1/lib697/libWiFi.a
Compiling .pio/build/esp32-c3-devkitm-1/FrameworkArduino/MD5Builder.cpp.o
Archiving .pio/build/esp32-c3-devkitm-1/lib150/libWire.a
Compiling .pio/build/esp32-c3-devkitm-1/FrameworkArduino/Print.cpp.o
Indexing .pio/build/esp32-c3-devkitm-1/lib150/libWire.a
Compiling .pio/build/esp32-c3-devkitm-1/FrameworkArduino/Stream.cpp.o
Compiling .pio/build/esp32-c3-devkitm-1/FrameworkArduino/StreamString.cpp.o
Compiling .pio/build/esp32-c3-devkitm-1/FrameworkArduino/Tone.cpp.o
Compiling .pio/build/esp32-c3-devkitm-1/FrameworkArduino/USB.cpp.o
Compiling .pio/build/esp32-c3-devkitm-1/FrameworkArduino/USBCDC.cpp.o
Compiling .pio/build/esp32-c3-devkitm-1/FrameworkArduino/USBMSC.cpp.o
Compiling .pio/build/esp32-c3-devkitm-1/FrameworkArduino/WMath.cpp.o
Compiling .pio/build/esp32-c3-devkitm-1/FrameworkArduino/WString.cpp.o
Compiling .pio/build/esp32-c3-devkitm-1/FrameworkArduino/base64.cpp.o
Compiling .pio/build/esp32-c3-devkitm-1/FrameworkArduino/cbuf.cpp.o
Compiling .pio/build/esp32-c3-devkitm-1/FrameworkArduino/esp32-hal-adc.c.o
Compiling .pio/build/esp32-c3-devkitm-1/FrameworkArduino/esp32-hal-bt.c.o
Compiling .pio/build/esp32-c3-devkitm-1/FrameworkArduino/esp32-hal-cpu.c.o
Compiling .pio/build/esp32-c3-devkitm-1/FrameworkArduino/esp32-hal-dac.c.o
Compiling .pio/build/esp32-c3-devkitm-1/FrameworkArduino/esp32-hal-gpio.c.o
Compiling .pio/build/esp32-c3-devkitm-1/FrameworkArduino/esp32-hal-i2c-slave.c.o
Compiling .pio/build/esp32-c3-devkitm-1/FrameworkArduino/esp32-hal-i2c.c.o
Compiling .pio/build/esp32-c3-devkitm-1/FrameworkArduino/esp32-hal-ledc.c.o
Compiling .pio/build/esp32-c3-devkitm-1/FrameworkArduino/esp32-hal-matrix.c.o
Compiling .pio/build/esp32-c3-devkitm-1/FrameworkArduino/esp32-hal-misc.c.o
Compiling .pio/build/esp32-c3-devkitm-1/FrameworkArduino/esp32-hal-psram.c.o
Compiling .pio/build/esp32-c3-devkitm-1/FrameworkArduino/esp32-hal-rgb-led.c.o
Compiling .pio/build/esp32-c3-devkitm-1/FrameworkArduino/esp32-hal-rmt.c.o
Compiling .pio/build/esp32-c3-devkitm-1/FrameworkArduino/esp32-hal-sigmadelta.c.o
Compiling .pio/build/esp32-c3-devkitm-1/FrameworkArduino/esp32-hal-spi.c.o
Compiling .pio/build/esp32-c3-devkitm-1/FrameworkArduino/esp32-hal-time.c.o
Compiling .pio/build/esp32-c3-devkitm-1/FrameworkArduino/esp32-hal-timer.c.o
Compiling .pio/build/esp32-c3-devkitm-1/FrameworkArduino/esp32-hal-tinyusb.c.o
Compiling .pio/build/esp32-c3-devkitm-1/FrameworkArduino/esp32-hal-touch.c.o
Compiling .pio/build/esp32-c3-devkitm-1/FrameworkArduino/esp32-hal-uart.c.o
Compiling .pio/build/esp32-c3-devkitm-1/FrameworkArduino/firmware_msc_fat.c.o
Compiling .pio/build/esp32-c3-devkitm-1/FrameworkArduino/libb64/cdecode.c.o
Compiling .pio/build/esp32-c3-devkitm-1/FrameworkArduino/libb64/cencode.c.o
Compiling .pio/build/esp32-c3-devkitm-1/FrameworkArduino/main.cpp.o
Compiling .pio/build/esp32-c3-devkitm-1/FrameworkArduino/stdlib_noniso.c.o
Compiling .pio/build/esp32-c3-devkitm-1/FrameworkArduino/wiring_pulse.c.o
Compiling .pio/build/esp32-c3-devkitm-1/FrameworkArduino/wiring_shift.c.o
Archiving .pio/build/esp32-c3-devkitm-1/libFrameworkArduino.a
Indexing .pio/build/esp32-c3-devkitm-1/libFrameworkArduino.a
Linking .pio/build/esp32-c3-devkitm-1/firmware.elf
Retrieving maximum program size .pio/build/esp32-c3-devkitm-1/firmware.elf
Checking size .pio/build/esp32-c3-devkitm-1/firmware.elf
Advanced Memory Usage is available via "PlatformIO Home > Project Inspect"
RAM:   [=         ]  12.0% (used 39468 bytes from 327680 bytes)
Flash: [======    ]  58.6% (used 768300 bytes from 1310720 bytes)
Building .pio/build/esp32-c3-devkitm-1/firmware.bin
esptool.py v4.11.0
Creating esp32c3 image...
Merged 2 ELF sections
Successfully created esp32c3 image.
========================= [SUCCESS] Took 9.39 seconds =========================

