
> webapp@0.1.0 dev
> next dev

▲ Next.js 16.1.1 (Turbopack)
- Local:         http://localhost:3000
- Network:       http://192.168.2.26:3000

✓ Starting...
✓ Ready in 555ms
 GET /settings 200 in 261ms (compile: 167ms, render: 95ms)
 GET /setup 200 in 45ms (compile: 21ms, render: 24ms)
 GET /login 200 in 38ms (compile: 24ms, render: 14ms)
 GET /setup 200 in 41ms (compile: 4ms, render: 38ms)
 GET /login 200 in 20ms (compile: 6ms, render: 14ms)
 GET / 200 in 46ms (compile: 19ms, render: 27ms)
 GET / 200 in 15ms (compile: 1839µs, render: 13ms)
 GET /settings 200 in 33ms (compile: 4ms, render: 29ms)
 GET / 200 in 18ms (compile: 5ms, render: 13ms)
 GET /devices 200 in 147ms (compile: 82ms, render: 65ms)
 GET /automation 200 in 64ms (compile: 51ms, render: 12ms)
 GET /automation 200 in 137ms (compile: 65ms, render: 73ms)
 GET /automation 200 in 62ms (compile: 3ms, render: 60ms)
 GET /automation 200 in 49ms (compile: 1584µs, render: 47ms)
 GET /automation 200 in 66ms (compile: 1603µs, render: 64ms)
 GET /automation 200 in 56ms (compile: 2ms, render: 54ms)
 GET /automation 200 in 52ms (compile: 1314µs, render: 50ms)
 GET /automation 200 in 63ms (compile: 2ms, render: 61ms)
 GET /automation 200 in 61ms (compile: 4ms, render: 57ms)
 GET /automation 200 in 58ms (compile: 1814µs, render: 56ms)
 GET /automation 200 in 60ms (compile: 1905µs, render: 58ms)
 GET /automation 200 in 61ms (compile: 1721µs, render: 59ms)
 GET /automation 200 in 57ms (compile: 1658µs, render: 56ms)
 GET /automation 200 in 56ms (compile: 2ms, render: 54ms)
 GET /automation 200 in 55ms (compile: 1864µs, render: 53ms)
 GET /automation 200 in 55ms (compile: 1794µs, render: 53ms)
 GET /automation 200 in 57ms (compile: 1521µs, render: 55ms)
 GET /automation 200 in 58ms (compile: 1462µs, render: 56ms)
 GET /automation 200 in 59ms (compile: 1516µs, render: 57ms)
 GET /automation 200 in 58ms (compile: 1286µs, render: 57ms)
 GET /automation 200 in 57ms (compile: 1840µs, render: 55ms)
 GET /automation 200 in 58ms (compile: 1796µs, render: 56ms)
 GET /automation 200 in 59ms (compile: 1406µs, render: 58ms)
 GET /automation 200 in 60ms (compile: 1475µs, render: 59ms)
 GET /automation 200 in 61ms (compile: 2ms, render: 59ms)
 GET /automation 200 in 61ms (compile: 1348µs, render: 59ms)
 GET /automation 200 in 60ms (compile: 1628µs, render: 59ms)
 GET /automation 200 in 59ms (compile: 1627µs, render: 57ms)
 GET /automation 200 in 57ms (compile: 1916µs, render: 55ms)
 GET /automation 200 in 47ms (compile: 1572µs, render: 45ms)
 GET /automation 200 in 35ms (compile: 1652µs, render: 34ms)
 GET /automation 200 in 22ms (compile: 1676µs, render: 21ms)
 GET /automation 200 in 12ms (compile: 1838µs, render: 11ms)
 GET /automation 200 in 255ms (compile: 86ms, render: 170ms)
 GET /automation 200 in 150ms (compile: 9ms, render: 141ms)
 GET /automation 200 in 107ms (compile: 17ms, render: 90ms)
 GET /automation 200 in 81ms (compile: 4ms, render: 77ms)
 GET /automation 200 in 105ms (compile: 5ms, render: 100ms)
 GET /automation 200 in 96ms (compile: 2ms, render: 93ms)
 GET /automation 200 in 102ms (compile: 2ms, render: 100ms)
 GET /automation 200 in 108ms (compile: 3ms, render: 105ms)
 GET /automation 200 in 101ms (compile: 2ms, render: 99ms)
 GET /automation 200 in 89ms (compile: 2ms, render: 87ms)
 GET /automation 200 in 87ms (compile: 3ms, render: 83ms)
 GET /automation 200 in 89ms (compile: 2ms, render: 87ms)
 GET /automation 200 in 89ms (compile: 4ms, render: 85ms)
 GET /automation 200 in 105ms (compile: 5ms, render: 100ms)
 GET /automation 200 in 115ms (compile: 4ms, render: 110ms)
 GET /automation 200 in 121ms (compile: 4ms, render: 117ms)
 GET /automation 200 in 105ms (compile: 2ms, render: 103ms)
 GET /automation 200 in 104ms (compile: 5ms, render: 99ms)
 GET /automation 200 in 96ms (compile: 8ms, render: 89ms)
 GET /automation 200 in 102ms (compile: 5ms, render: 97ms)
 GET /automation 200 in 96ms (compile: 5ms, render: 92ms)
 GET /automation 200 in 79ms (compile: 4ms, render: 75ms)
 GET /automation 200 in 112ms (compile: 5ms, render: 107ms)
 GET /automation 200 in 115ms (compile: 1955µs, render: 113ms)
 GET /automation 200 in 137ms (compile: 1979µs, render: 135ms)
 GET /automation 200 in 124ms (compile: 4ms, render: 120ms)
 GET /automation 200 in 108ms (compile: 5ms, render: 103ms)
 GET /automation 200 in 101ms (compile: 5ms, render: 95ms)
 GET /automation 200 in 86ms (compile: 14ms, render: 72ms)
 GET /automation 200 in 51ms (compile: 4ms, render: 47ms)
 GET /automation 200 in 34ms (compile: 3ms, render: 31ms)
 GET /automation 200 in 17ms (compile: 2ms, render: 15ms)
✓ Compiled in 279ms
 GET /devices/diy 200 in 400ms (compile: 272ms, render: 129ms)
⚠ Cross origin request detected from 127.0.0.1 to /_next/* resource. In a future major version of Next.js, you will need to explicitly configure "allowedDevOrigins" in next.config to allow this.
Read more: https://nextjs.org/docs/app/api-reference/config/next-config-js/allowedDevOrigins
⚠ Fast Refresh had to perform a full reload due to a runtime error.
✓ Compiled in 72ms
 GET /devices/diy 200 in 146ms (compile: 63ms, render: 83ms)
 GET /login 200 in 99ms (compile: 39ms, render: 60ms)
 GET /login 200 in 46ms (compile: 9ms, render: 37ms)
 GET / 200 in 50ms (compile: 27ms, render: 23ms)
 GET /devices/diy 200 in 52ms (compile: 6ms, render: 46ms)
 GET /login 200 in 88ms (compile: 5ms, render: 83ms)
 GET /devices/diy 200 in 36ms (compile: 5ms, render: 31ms)
✓ Compiled in 73ms
 GET / 200 in 154ms (compile: 20ms, render: 134ms)
 GET /login 200 in 49ms (compile: 10ms, render: 38ms)
 GET /devices/diy 200 in 227ms (compile: 78ms, render: 149ms)
 GET /login 200 in 131ms (compile: 10ms, render: 121ms)
✓ Compiled in 156ms
✓ Compiled in 99ms
✓ Compiled in 151ms
⨯ ./src/app/devices/diy/page.tsx:31:1
Module not found: Can't resolve '@/features/diy/components/Step4Flash'
[0m [90m 29 |[39m [36mimport[39m { [33mStep2Pins[39m } [36mfrom[39m [32m"@/features/diy/components/Step2Pins"[39m[33m;[39m
 [90m 30 |[39m [36mimport[39m { [33mStep3Validate[39m } [36mfrom[39m [32m"@/features/diy/components/Step3Validate"[39m[33m;[39m
[31m[1m>[22m[39m[90m 31 |[39m [36mimport[39m { [33mStep4Flash[39m } [36mfrom[39m [32m"@/features/diy/components/Step4Flash"[39m[33m;[39m
 [90m    |[39m [31m[1m^[22m[39m[31m[1m^[22m[39m[31m[1m^[22m[39m[31m[1m^[22m[39m[31m[1m^[22m[39m[31m[1m^[22m[39m[31m[1m^[22m[39m[31m[1m^[22m[39m[31m[1m^[22m[39m[31m[1m^[22m[39m[31m[1m^[22m[39m[31m[1m^[22m[39m[31m[1m^[22m[39m[31m[1m^[22m[39m[31m[1m^[22m[39m[31m[1m^[22m[39m[31m[1m^[22m[39m[31m[1m^[22m[39m[31m[1m^[22m[39m[31m[1m^[22m[39m[31m[1m^[22m[39m[31m[1m^[22m[39m[31m[1m^[22m[39m[31m[1m^[22m[39m[31m[1m^[22m[39m[31m[1m^[22m[39m[31m[1m^[22m[39m[31m[1m^[22m[39m[31m[1m^[22m[39m[31m[1m^[22m[39m[31m[1m^[22m[39m[31m[1m^[22m[39m[31m[1m^[22m[39m[31m[1m^[22m[39m[31m[1m^[22m[39m[31m[1m^[22m[39m[31m[1m^[22m[39m[31m[1m^[22m[39m[31m[1m^[22m[39m[31m[1m^[22m[39m[31m[1m^[22m[39m[31m[1m^[22m[39m[31m[1m^[22m[39m[31m[1m^[22m[39m[31m[1m^[22m[39m[31m[1m^[22m[39m[31m[1m^[22m[39m[31m[1m^[22m[39m[31m[1m^[22m[39m[31m[1m^[22m[39m[31m[1m^[22m[39m[31m[1m^[22m[39m[31m[1m^[22m[39m[31m[1m^[22m[39m[31m[1m^[22m[39m[31m[1m^[22m[39m[31m[1m^[22m[39m[31m[1m^[22m[39m[31m[1m^[22m[39m[31m[1m^[22m[39m[31m[1m^[22m[39m[31m[1m^[22m[39m[31m[1m^[22m[39m[31m[1m^[22m[39m[31m[1m^[22m[39m[31m[1m^[22m[39m
 [90m 32 |[39m
 [90m 33 |[39m [36mconst[39m [33mFLASHER_SCRIPT[39m [33m=[39m
 [90m 34 |[39m   [32m"https://unpkg.com/esp-web-tools@10.1.0/dist/web/install-button.js?module"[39m[33m;[39m[0m

Import map: aliased to relative './src/features/diy/components/Step4Flash' inside of [project]/


Import traces:
  Client Component Browser:
    ./src/app/devices/diy/page.tsx [Client Component Browser]
    ./src/app/devices/diy/page.tsx [Server Component]

  Client Component SSR:
    ./src/app/devices/diy/page.tsx [Client Component SSR]
    ./src/app/devices/diy/page.tsx [Server Component]

https://nextjs.org/docs/messages/module-not-found


⨯ ./src/app/devices/diy/page.tsx:31:1
Module not found: Can't resolve '@/features/diy/components/Step4Flash'
[0m [90m 29 |[39m [36mimport[39m { [33mStep2Pins[39m } [36mfrom[39m [32m"@/features/diy/components/Step2Pins"[39m[33m;[39m
 [90m 30 |[39m [36mimport[39m { [33mStep3Validate[39m } [36mfrom[39m [32m"@/features/diy/components/Step3Validate"[39m[33m;[39m
[31m[1m>[22m[39m[90m 31 |[39m [36mimport[39m { [33mStep4Flash[39m } [36mfrom[39m [32m"@/features/diy/components/Step4Flash"[39m[33m;[39m
 [90m    |[39m [31m[1m^[22m[39m[31m[1m^[22m[39m[31m[1m^[22m[39m[31m[1m^[22m[39m[31m[1m^[22m[39m[31m[1m^[22m[39m[31m[1m^[22m[39m[31m[1m^[22m[39m[31m[1m^[22m[39m[31m[1m^[22m[39m[31m[1m^[22m[39m[31m[1m^[22m[39m[31m[1m^[22m[39m[31m[1m^[22m[39m[31m[1m^[22m[39m[31m[1m^[22m[39m[31m[1m^[22m[39m[31m[1m^[22m[39m[31m[1m^[22m[39m[31m[1m^[22m[39m[31m[1m^[22m[39m[31m[1m^[22m[39m[31m[1m^[22m[39m[31m[1m^[22m[39m[31m[1m^[22m[39m[31m[1m^[22m[39m[31m[1m^[22m[39m[31m[1m^[22m[39m[31m[1m^[22m[39m[31m[1m^[22m[39m[31m[1m^[22m[39m[31m[1m^[22m[39m[31m[1m^[22m[39m[31m[1m^[22m[39m[31m[1m^[22m[39m[31m[1m^[22m[39m[31m[1m^[22m[39m[31m[1m^[22m[39m[31m[1m^[22m[39m[31m[1m^[22m[39m[31m[1m^[22m[39m[31m[1m^[22m[39m[31m[1m^[22m[39m[31m[1m^[22m[39m[31m[1m^[22m[39m[31m[1m^[22m[39m[31m[1m^[22m[39m[31m[1m^[22m[39m[31m[1m^[22m[39m[31m[1m^[22m[39m[31m[1m^[22m[39m[31m[1m^[22m[39m[31m[1m^[22m[39m[31m[1m^[22m[39m[31m[1m^[22m[39m[31m[1m^[22m[39m[31m[1m^[22m[39m[31m[1m^[22m[39m[31m[1m^[22m[39m[31m[1m^[22m[39m[31m[1m^[22m[39m[31m[1m^[22m[39m[31m[1m^[22m[39m[31m[1m^[22m[39m[31m[1m^[22m[39m[31m[1m^[22m[39m
 [90m 32 |[39m
 [90m 33 |[39m [36mconst[39m [33mFLASHER_SCRIPT[39m [33m=[39m
 [90m 34 |[39m   [32m"https://unpkg.com/esp-web-tools@10.1.0/dist/web/install-button.js?module"[39m[33m;[39m[0m

Import map: aliased to relative './src/features/diy/components/Step4Flash' inside of [project]/


Import traces:
  Client Component Browser:
    ./src/app/devices/diy/page.tsx [Client Component Browser]
    ./src/app/devices/diy/page.tsx [Server Component]

  Client Component SSR:
    ./src/app/devices/diy/page.tsx [Client Component SSR]
    ./src/app/devices/diy/page.tsx [Server Component]

https://nextjs.org/docs/messages/module-not-found


⨯ ./src/app/devices/diy/page.tsx:31:1
Module not found: Can't resolve '@/features/diy/components/Step4Flash'
[0m [90m 29 |[39m [36mimport[39m { [33mStep2Pins[39m } [36mfrom[39m [32m"@/features/diy/components/Step2Pins"[39m[33m;[39m
 [90m 30 |[39m [36mimport[39m { [33mStep3Validate[39m } [36mfrom[39m [32m"@/features/diy/components/Step3Validate"[39m[33m;[39m
[31m[1m>[22m[39m[90m 31 |[39m [36mimport[39m { [33mStep4Flash[39m } [36mfrom[39m [32m"@/features/diy/components/Step4Flash"[39m[33m;[39m
 [90m    |[39m [31m[1m^[22m[39m[31m[1m^[22m[39m[31m[1m^[22m[39m[31m[1m^[22m[39m[31m[1m^[22m[39m[31m[1m^[22m[39m[31m[1m^[22m[39m[31m[1m^[22m[39m[31m[1m^[22m[39m[31m[1m^[22m[39m[31m[1m^[22m[39m[31m[1m^[22m[39m[31m[1m^[22m[39m[31m[1m^[22m[39m[31m[1m^[22m[39m[31m[1m^[22m[39m[31m[1m^[22m[39m[31m[1m^[22m[39m[31m[1m^[22m[39m[31m[1m^[22m[39m[31m[1m^[22m[39m[31m[1m^[22m[39m[31m[1m^[22m[39m[31m[1m^[22m[39m[31m[1m^[22m[39m[31m[1m^[22m[39m[31m[1m^[22m[39m[31m[1m^[22m[39m[31m[1m^[22m[39m[31m[1m^[22m[39m[31m[1m^[22m[39m[31m[1m^[22m[39m[31m[1m^[22m[39m[31m[1m^[22m[39m[31m[1m^[22m[39m[31m[1m^[22m[39m[31m[1m^[22m[39m[31m[1m^[22m[39m[31m[1m^[22m[39m[31m[1m^[22m[39m[31m[1m^[22m[39m[31m[1m^[22m[39m[31m[1m^[22m[39m[31m[1m^[22m[39m[31m[1m^[22m[39m[31m[1m^[22m[39m[31m[1m^[22m[39m[31m[1m^[22m[39m[31m[1m^[22m[39m[31m[1m^[22m[39m[31m[1m^[22m[39m[31m[1m^[22m[39m[31m[1m^[22m[39m[31m[1m^[22m[39m[31m[1m^[22m[39m[31m[1m^[22m[39m[31m[1m^[22m[39m[31m[1m^[22m[39m[31m[1m^[22m[39m[31m[1m^[22m[39m[31m[1m^[22m[39m[31m[1m^[22m[39m[31m[1m^[22m[39m[31m[1m^[22m[39m[31m[1m^[22m[39m[31m[1m^[22m[39m
 [90m 32 |[39m
 [90m 33 |[39m [36mconst[39m [33mFLASHER_SCRIPT[39m [33m=[39m
 [90m 34 |[39m   [32m"https://unpkg.com/esp-web-tools@10.1.0/dist/web/install-button.js?module"[39m[33m;[39m[0m

Import map: aliased to relative './src/features/diy/components/Step4Flash' inside of [project]/


Import traces:
  Client Component Browser:
    ./src/app/devices/diy/page.tsx [Client Component Browser]
    ./src/app/devices/diy/page.tsx [Server Component]

  Client Component SSR:
    ./src/app/devices/diy/page.tsx [Client Component SSR]
    ./src/app/devices/diy/page.tsx [Server Component]

https://nextjs.org/docs/messages/module-not-found


⨯ ./src/app/devices/diy/page.tsx:31:1
Module not found: Can't resolve '@/features/diy/components/Step4Flash'
[0m [90m 29 |[39m [36mimport[39m { [33mStep2Pins[39m } [36mfrom[39m [32m"@/features/diy/components/Step2Pins"[39m[33m;[39m
 [90m 30 |[39m [36mimport[39m { [33mStep3Validate[39m } [36mfrom[39m [32m"@/features/diy/components/Step3Validate"[39m[33m;[39m
[31m[1m>[22m[39m[90m 31 |[39m [36mimport[39m { [33mStep4Flash[39m } [36mfrom[39m [32m"@/features/diy/components/Step4Flash"[39m[33m;[39m
 [90m    |[39m [31m[1m^[22m[39m[31m[1m^[22m[39m[31m[1m^[22m[39m[31m[1m^[22m[39m[31m[1m^[22m[39m[31m[1m^[22m[39m[31m[1m^[22m[39m[31m[1m^[22m[39m[31m[1m^[22m[39m[31m[1m^[22m[39m[31m[1m^[22m[39m[31m[1m^[22m[39m[31m[1m^[22m[39m[31m[1m^[22m[39m[31m[1m^[22m[39m[31m[1m^[22m[39m[31m[1m^[22m[39m[31m[1m^[22m[39m[31m[1m^[22m[39m[31m[1m^[22m[39m[31m[1m^[22m[39m[31m[1m^[22m[39m[31m[1m^[22m[39m[31m[1m^[22m[39m[31m[1m^[22m[39m[31m[1m^[22m[39m[31m[1m^[22m[39m[31m[1m^[22m[39m[31m[1m^[22m[39m[31m[1m^[22m[39m[31m[1m^[22m[39m[31m[1m^[22m[39m[31m[1m^[22m[39m[31m[1m^[22m[39m[31m[1m^[22m[39m[31m[1m^[22m[39m[31m[1m^[22m[39m[31m[1m^[22m[39m[31m[1m^[22m[39m[31m[1m^[22m[39m[31m[1m^[22m[39m[31m[1m^[22m[39m[31m[1m^[22m[39m[31m[1m^[22m[39m[31m[1m^[22m[39m[31m[1m^[22m[39m[31m[1m^[22m[39m[31m[1m^[22m[39m[31m[1m^[22m[39m[31m[1m^[22m[39m[31m[1m^[22m[39m[31m[1m^[22m[39m[31m[1m^[22m[39m[31m[1m^[22m[39m[31m[1m^[22m[39m[31m[1m^[22m[39m[31m[1m^[22m[39m[31m[1m^[22m[39m[31m[1m^[22m[39m[31m[1m^[22m[39m[31m[1m^[22m[39m[31m[1m^[22m[39m[31m[1m^[22m[39m[31m[1m^[22m[39m[31m[1m^[22m[39m[31m[1m^[22m[39m
 [90m 32 |[39m
 [90m 33 |[39m [36mconst[39m [33mFLASHER_SCRIPT[39m [33m=[39m
 [90m 34 |[39m   [32m"https://unpkg.com/esp-web-tools@10.1.0/dist/web/install-button.js?module"[39m[33m;[39m[0m

Import map: aliased to relative './src/features/diy/components/Step4Flash' inside of [project]/


Import traces:
  Client Component Browser:
    ./src/app/devices/diy/page.tsx [Client Component Browser]
    ./src/app/devices/diy/page.tsx [Server Component]

  Client Component SSR:
    ./src/app/devices/diy/page.tsx [Client Component SSR]
    ./src/app/devices/diy/page.tsx [Server Component]

https://nextjs.org/docs/messages/module-not-found


⨯ ./src/app/devices/diy/page.tsx:31:1
Module not found: Can't resolve '@/features/diy/components/Step4Flash'
[0m [90m 29 |[39m [36mimport[39m { [33mStep2Pins[39m } [36mfrom[39m [32m"@/features/diy/components/Step2Pins"[39m[33m;[39m
 [90m 30 |[39m [36mimport[39m { [33mStep3Validate[39m } [36mfrom[39m [32m"@/features/diy/components/Step3Validate"[39m[33m;[39m
[31m[1m>[22m[39m[90m 31 |[39m [36mimport[39m { [33mStep4Flash[39m } [36mfrom[39m [32m"@/features/diy/components/Step4Flash"[39m[33m;[39m
 [90m    |[39m [31m[1m^[22m[39m[31m[1m^[22m[39m[31m[1m^[22m[39m[31m[1m^[22m[39m[31m[1m^[22m[39m[31m[1m^[22m[39m[31m[1m^[22m[39m[31m[1m^[22m[39m[31m[1m^[22m[39m[31m[1m^[22m[39m[31m[1m^[22m[39m[31m[1m^[22m[39m[31m[1m^[22m[39m[31m[1m^[22m[39m[31m[1m^[22m[39m[31m[1m^[22m[39m[31m[1m^[22m[39m[31m[1m^[22m[39m[31m[1m^[22m[39m[31m[1m^[22m[39m[31m[1m^[22m[39m[31m[1m^[22m[39m[31m[1m^[22m[39m[31m[1m^[22m[39m[31m[1m^[22m[39m[31m[1m^[22m[39m[31m[1m^[22m[39m[31m[1m^[22m[39m[31m[1m^[22m[39m[31m[1m^[22m[39m[31m[1m^[22m[39m[31m[1m^[22m[39m[31m[1m^[22m[39m[31m[1m^[22m[39m[31m[1m^[22m[39m[31m[1m^[22m[39m[31m[1m^[22m[39m[31m[1m^[22m[39m[31m[1m^[22m[39m[31m[1m^[22m[39m[31m[1m^[22m[39m[31m[1m^[22m[39m[31m[1m^[22m[39m[31m[1m^[22m[39m[31m[1m^[22m[39m[31m[1m^[22m[39m[31m[1m^[22m[39m[31m[1m^[22m[39m[31m[1m^[22m[39m[31m[1m^[22m[39m[31m[1m^[22m[39m[31m[1m^[22m[39m[31m[1m^[22m[39m[31m[1m^[22m[39m[31m[1m^[22m[39m[31m[1m^[22m[39m[31m[1m^[22m[39m[31m[1m^[22m[39m[31m[1m^[22m[39m[31m[1m^[22m[39m[31m[1m^[22m[39m[31m[1m^[22m[39m[31m[1m^[22m[39m[31m[1m^[22m[39m[31m[1m^[22m[39m[31m[1m^[22m[39m
 [90m 32 |[39m
 [90m 33 |[39m [36mconst[39m [33mFLASHER_SCRIPT[39m [33m=[39m
 [90m 34 |[39m   [32m"https://unpkg.com/esp-web-tools@10.1.0/dist/web/install-button.js?module"[39m[33m;[39m[0m

Import map: aliased to relative './src/features/diy/components/Step4Flash' inside of [project]/


Import traces:
  Client Component Browser:
    ./src/app/devices/diy/page.tsx [Client Component Browser]
    ./src/app/devices/diy/page.tsx [Server Component]

  Client Component SSR:
    ./src/app/devices/diy/page.tsx [Client Component SSR]
    ./src/app/devices/diy/page.tsx [Server Component]

https://nextjs.org/docs/messages/module-not-found


⨯ ./src/app/devices/diy/page.tsx:31:1
Module not found: Can't resolve '@/features/diy/components/Step4Flash'
[0m [90m 29 |[39m [36mimport[39m { [33mStep2Pins[39m } [36mfrom[39m [32m"@/features/diy/components/Step2Pins"[39m[33m;[39m
 [90m 30 |[39m [36mimport[39m { [33mStep3Validate[39m } [36mfrom[39m [32m"@/features/diy/components/Step3Validate"[39m[33m;[39m
[31m[1m>[22m[39m[90m 31 |[39m [36mimport[39m { [33mStep4Flash[39m } [36mfrom[39m [32m"@/features/diy/components/Step4Flash"[39m[33m;[39m
 [90m    |[39m [31m[1m^[22m[39m[31m[1m^[22m[39m[31m[1m^[22m[39m[31m[1m^[22m[39m[31m[1m^[22m[39m[31m[1m^[22m[39m[31m[1m^[22m[39m[31m[1m^[22m[39m[31m[1m^[22m[39m[31m[1m^[22m[39m[31m[1m^[22m[39m[31m[1m^[22m[39m[31m[1m^[22m[39m[31m[1m^[22m[39m[31m[1m^[22m[39m[31m[1m^[22m[39m[31m[1m^[22m[39m[31m[1m^[22m[39m[31m[1m^[22m[39m[31m[1m^[22m[39m[31m[1m^[22m[39m[31m[1m^[22m[39m[31m[1m^[22m[39m[31m[1m^[22m[39m[31m[1m^[22m[39m[31m[1m^[22m[39m[31m[1m^[22m[39m[31m[1m^[22m[39m[31m[1m^[22m[39m[31m[1m^[22m[39m[31m[1m^[22m[39m[31m[1m^[22m[39m[31m[1m^[22m[39m[31m[1m^[22m[39m[31m[1m^[22m[39m[31m[1m^[22m[39m[31m[1m^[22m[39m[31m[1m^[22m[39m[31m[1m^[22m[39m[31m[1m^[22m[39m[31m[1m^[22m[39m[31m[1m^[22m[39m[31m[1m^[22m[39m[31m[1m^[22m[39m[31m[1m^[22m[39m[31m[1m^[22m[39m[31m[1m^[22m[39m[31m[1m^[22m[39m[31m[1m^[22m[39m[31m[1m^[22m[39m[31m[1m^[22m[39m[31m[1m^[22m[39m[31m[1m^[22m[39m[31m[1m^[22m[39m[31m[1m^[22m[39m[31m[1m^[22m[39m[31m[1m^[22m[39m[31m[1m^[22m[39m[31m[1m^[22m[39m[31m[1m^[22m[39m[31m[1m^[22m[39m[31m[1m^[22m[39m[31m[1m^[22m[39m[31m[1m^[22m[39m[31m[1m^[22m[39m[31m[1m^[22m[39m
 [90m 32 |[39m
 [90m 33 |[39m [36mconst[39m [33mFLASHER_SCRIPT[39m [33m=[39m
 [90m 34 |[39m   [32m"https://unpkg.com/esp-web-tools@10.1.0/dist/web/install-button.js?module"[39m[33m;[39m[0m

Import map: aliased to relative './src/features/diy/components/Step4Flash' inside of [project]/


Import traces:
  Client Component Browser:
    ./src/app/devices/diy/page.tsx [Client Component Browser]
    ./src/app/devices/diy/page.tsx [Server Component]

  Client Component SSR:
    ./src/app/devices/diy/page.tsx [Client Component SSR]
    ./src/app/devices/diy/page.tsx [Server Component]

https://nextjs.org/docs/messages/module-not-found


⨯ ./src/app/devices/diy/page.tsx:31:1
Module not found: Can't resolve '@/features/diy/components/Step4Flash'
[0m [90m 29 |[39m [36mimport[39m { [33mStep2Pins[39m } [36mfrom[39m [32m"@/features/diy/components/Step2Pins"[39m[33m;[39m
 [90m 30 |[39m [36mimport[39m { [33mStep3Validate[39m } [36mfrom[39m [32m"@/features/diy/components/Step3Validate"[39m[33m;[39m
[31m[1m>[22m[39m[90m 31 |[39m [36mimport[39m { [33mStep4Flash[39m } [36mfrom[39m [32m"@/features/diy/components/Step4Flash"[39m[33m;[39m
 [90m    |[39m [31m[1m^[22m[39m[31m[1m^[22m[39m[31m[1m^[22m[39m[31m[1m^[22m[39m[31m[1m^[22m[39m[31m[1m^[22m[39m[31m[1m^[22m[39m[31m[1m^[22m[39m[31m[1m^[22m[39m[31m[1m^[22m[39m[31m[1m^[22m[39m[31m[1m^[22m[39m[31m[1m^[22m[39m[31m[1m^[22m[39m[31m[1m^[22m[39m[31m[1m^[22m[39m[31m[1m^[22m[39m[31m[1m^[22m[39m[31m[1m^[22m[39m[31m[1m^[22m[39m[31m[1m^[22m[39m[31m[1m^[22m[39m[31m[1m^[22m[39m[31m[1m^[22m[39m[31m[1m^[22m[39m[31m[1m^[22m[39m[31m[1m^[22m[39m[31m[1m^[22m[39m[31m[1m^[22m[39m[31m[1m^[22m[39m[31m[1m^[22m[39m[31m[1m^[22m[39m[31m[1m^[22m[39m[31m[1m^[22m[39m[31m[1m^[22m[39m[31m[1m^[22m[39m[31m[1m^[22m[39m[31m[1m^[22m[39m[31m[1m^[22m[39m[31m[1m^[22m[39m[31m[1m^[22m[39m[31m[1m^[22m[39m[31m[1m^[22m[39m[31m[1m^[22m[39m[31m[1m^[22m[39m[31m[1m^[22m[39m[31m[1m^[22m[39m[31m[1m^[22m[39m[31m[1m^[22m[39m[31m[1m^[22m[39m[31m[1m^[22m[39m[31m[1m^[22m[39m[31m[1m^[22m[39m[31m[1m^[22m[39m[31m[1m^[22m[39m[31m[1m^[22m[39m[31m[1m^[22m[39m[31m[1m^[22m[39m[31m[1m^[22m[39m[31m[1m^[22m[39m[31m[1m^[22m[39m[31m[1m^[22m[39m[31m[1m^[22m[39m[31m[1m^[22m[39m[31m[1m^[22m[39m[31m[1m^[22m[39m
 [90m 32 |[39m
 [90m 33 |[39m [36mconst[39m [33mFLASHER_SCRIPT[39m [33m=[39m
 [90m 34 |[39m   [32m"https://unpkg.com/esp-web-tools@10.1.0/dist/web/install-button.js?module"[39m[33m;[39m[0m

Import map: aliased to relative './src/features/diy/components/Step4Flash' inside of [project]/


Import traces:
  Client Component Browser:
    ./src/app/devices/diy/page.tsx [Client Component Browser]
    ./src/app/devices/diy/page.tsx [Server Component]

  Client Component SSR:
    ./src/app/devices/diy/page.tsx [Client Component SSR]
    ./src/app/devices/diy/page.tsx [Server Component]

https://nextjs.org/docs/messages/module-not-found


⨯ ./src/app/devices/diy/page.tsx:31:1
Module not found: Can't resolve '@/features/diy/components/Step4Flash'
[0m [90m 29 |[39m [36mimport[39m { [33mStep2Pins[39m } [36mfrom[39m [32m"@/features/diy/components/Step2Pins"[39m[33m;[39m
 [90m 30 |[39m [36mimport[39m { [33mStep3Validate[39m } [36mfrom[39m [32m"@/features/diy/components/Step3Validate"[39m[33m;[39m
[31m[1m>[22m[39m[90m 31 |[39m [36mimport[39m { [33mStep4Flash[39m } [36mfrom[39m [32m"@/features/diy/components/Step4Flash"[39m[33m;[39m
 [90m    |[39m [31m[1m^[22m[39m[31m[1m^[22m[39m[31m[1m^[22m[39m[31m[1m^[22m[39m[31m[1m^[22m[39m[31m[1m^[22m[39m[31m[1m^[22m[39m[31m[1m^[22m[39m[31m[1m^[22m[39m[31m[1m^[22m[39m[31m[1m^[22m[39m[31m[1m^[22m[39m[31m[1m^[22m[39m[31m[1m^[22m[39m[31m[1m^[22m[39m[31m[1m^[22m[39m[31m[1m^[22m[39m[31m[1m^[22m[39m[31m[1m^[22m[39m[31m[1m^[22m[39m[31m[1m^[22m[39m[31m[1m^[22m[39m[31m[1m^[22m[39m[31m[1m^[22m[39m[31m[1m^[22m[39m[31m[1m^[22m[39m[31m[1m^[22m[39m[31m[1m^[22m[39m[31m[1m^[22m[39m[31m[1m^[22m[39m[31m[1m^[22m[39m[31m[1m^[22m[39m[31m[1m^[22m[39m[31m[1m^[22m[39m[31m[1m^[22m[39m[31m[1m^[22m[39m[31m[1m^[22m[39m[31m[1m^[22m[39m[31m[1m^[22m[39m[31m[1m^[22m[39m[31m[1m^[22m[39m[31m[1m^[22m[39m[31m[1m^[22m[39m[31m[1m^[22m[39m[31m[1m^[22m[39m[31m[1m^[22m[39m[31m[1m^[22m[39m[31m[1m^[22m[39m[31m[1m^[22m[39m[31m[1m^[22m[39m[31m[1m^[22m[39m[31m[1m^[22m[39m[31m[1m^[22m[39m[31m[1m^[22m[39m[31m[1m^[22m[39m[31m[1m^[22m[39m[31m[1m^[22m[39m[31m[1m^[22m[39m[31m[1m^[22m[39m[31m[1m^[22m[39m[31m[1m^[22m[39m[31m[1m^[22m[39m[31m[1m^[22m[39m[31m[1m^[22m[39m[31m[1m^[22m[39m[31m[1m^[22m[39m
 [90m 32 |[39m
 [90m 33 |[39m [36mconst[39m [33mFLASHER_SCRIPT[39m [33m=[39m
 [90m 34 |[39m   [32m"https://unpkg.com/esp-web-tools@10.1.0/dist/web/install-button.js?module"[39m[33m;[39m[0m

Import map: aliased to relative './src/features/diy/components/Step4Flash' inside of [project]/


Import traces:
  Client Component Browser:
    ./src/app/devices/diy/page.tsx [Client Component Browser]
    ./src/app/devices/diy/page.tsx [Server Component]

  Client Component SSR:
    ./src/app/devices/diy/page.tsx [Client Component SSR]
    ./src/app/devices/diy/page.tsx [Server Component]

https://nextjs.org/docs/messages/module-not-found


⨯ ./src/app/devices/diy/page.tsx:31:1
Module not found: Can't resolve '@/features/diy/components/Step4Flash'
[0m [90m 29 |[39m [36mimport[39m { [33mStep2Pins[39m } [36mfrom[39m [32m"@/features/diy/components/Step2Pins"[39m[33m;[39m
 [90m 30 |[39m [36mimport[39m { [33mStep3Validate[39m } [36mfrom[39m [32m"@/features/diy/components/Step3Validate"[39m[33m;[39m
[31m[1m>[22m[39m[90m 31 |[39m [36mimport[39m { [33mStep4Flash[39m } [36mfrom[39m [32m"@/features/diy/components/Step4Flash"[39m[33m;[39m
 [90m    |[39m [31m[1m^[22m[39m[31m[1m^[22m[39m[31m[1m^[22m[39m[31m[1m^[22m[39m[31m[1m^[22m[39m[31m[1m^[22m[39m[31m[1m^[22m[39m[31m[1m^[22m[39m[31m[1m^[22m[39m[31m[1m^[22m[39m[31m[1m^[22m[39m[31m[1m^[22m[39m[31m[1m^[22m[39m[31m[1m^[22m[39m[31m[1m^[22m[39m[31m[1m^[22m[39m[31m[1m^[22m[39m[31m[1m^[22m[39m[31m[1m^[22m[39m[31m[1m^[22m[39m[31m[1m^[22m[39m[31m[1m^[22m[39m[31m[1m^[22m[39m[31m[1m^[22m[39m[31m[1m^[22m[39m[31m[1m^[22m[39m[31m[1m^[22m[39m[31m[1m^[22m[39m[31m[1m^[22m[39m[31m[1m^[22m[39m[31m[1m^[22m[39m[31m[1m^[22m[39m[31m[1m^[22m[39m[31m[1m^[22m[39m[31m[1m^[22m[39m[31m[1m^[22m[39m[31m[1m^[22m[39m[31m[1m^[22m[39m[31m[1m^[22m[39m[31m[1m^[22m[39m[31m[1m^[22m[39m[31m[1m^[22m[39m[31m[1m^[22m[39m[31m[1m^[22m[39m[31m[1m^[22m[39m[31m[1m^[22m[39m[31m[1m^[22m[39m[31m[1m^[22m[39m[31m[1m^[22m[39m[31m[1m^[22m[39m[31m[1m^[22m[39m[31m[1m^[22m[39m[31m[1m^[22m[39m[31m[1m^[22m[39m[31m[1m^[22m[39m[31m[1m^[22m[39m[31m[1m^[22m[39m[31m[1m^[22m[39m[31m[1m^[22m[39m[31m[1m^[22m[39m[31m[1m^[22m[39m[31m[1m^[22m[39m[31m[1m^[22m[39m[31m[1m^[22m[39m[31m[1m^[22m[39m[31m[1m^[22m[39m
 [90m 32 |[39m
 [90m 33 |[39m [36mconst[39m [33mFLASHER_SCRIPT[39m [33m=[39m
 [90m 34 |[39m   [32m"https://unpkg.com/esp-web-tools@10.1.0/dist/web/install-button.js?module"[39m[33m;[39m[0m

Import map: aliased to relative './src/features/diy/components/Step4Flash' inside of [project]/


Import traces:
  Client Component Browser:
    ./src/app/devices/diy/page.tsx [Client Component Browser]
    ./src/app/devices/diy/page.tsx [Server Component]

  Client Component SSR:
    ./src/app/devices/diy/page.tsx [Client Component SSR]
    ./src/app/devices/diy/page.tsx [Server Component]

https://nextjs.org/docs/messages/module-not-found


⨯ ./src/app/devices/diy/page.tsx:31:1
Module not found: Can't resolve '@/features/diy/components/Step4Flash'
[0m [90m 29 |[39m [36mimport[39m { [33mStep2Pins[39m } [36mfrom[39m [32m"@/features/diy/components/Step2Pins"[39m[33m;[39m
 [90m 30 |[39m [36mimport[39m { [33mStep3Validate[39m } [36mfrom[39m [32m"@/features/diy/components/Step3Validate"[39m[33m;[39m
[31m[1m>[22m[39m[90m 31 |[39m [36mimport[39m { [33mStep4Flash[39m } [36mfrom[39m [32m"@/features/diy/components/Step4Flash"[39m[33m;[39m
 [90m    |[39m [31m[1m^[22m[39m[31m[1m^[22m[39m[31m[1m^[22m[39m[31m[1m^[22m[39m[31m[1m^[22m[39m[31m[1m^[22m[39m[31m[1m^[22m[39m[31m[1m^[22m[39m[31m[1m^[22m[39m[31m[1m^[22m[39m[31m[1m^[22m[39m[31m[1m^[22m[39m[31m[1m^[22m[39m[31m[1m^[22m[39m[31m[1m^[22m[39m[31m[1m^[22m[39m[31m[1m^[22m[39m[31m[1m^[22m[39m[31m[1m^[22m[39m[31m[1m^[22m[39m[31m[1m^[22m[39m[31m[1m^[22m[39m[31m[1m^[22m[39m[31m[1m^[22m[39m[31m[1m^[22m[39m[31m[1m^[22m[39m[31m[1m^[22m[39m[31m[1m^[22m[39m[31m[1m^[22m[39m[31m[1m^[22m[39m[31m[1m^[22m[39m[31m[1m^[22m[39m[31m[1m^[22m[39m[31m[1m^[22m[39m[31m[1m^[22m[39m[31m[1m^[22m[39m[31m[1m^[22m[39m[31m[1m^[22m[39m[31m[1m^[22m[39m[31m[1m^[22m[39m[31m[1m^[22m[39m[31m[1m^[22m[39m[31m[1m^[22m[39m[31m[1m^[22m[39m[31m[1m^[22m[39m[31m[1m^[22m[39m[31m[1m^[22m[39m[31m[1m^[22m[39m[31m[1m^[22m[39m[31m[1m^[22m[39m[31m[1m^[22m[39m[31m[1m^[22m[39m[31m[1m^[22m[39m[31m[1m^[22m[39m[31m[1m^[22m[39m[31m[1m^[22m[39m[31m[1m^[22m[39m[31m[1m^[22m[39m[31m[1m^[22m[39m[31m[1m^[22m[39m[31m[1m^[22m[39m[31m[1m^[22m[39m[31m[1m^[22m[39m[31m[1m^[22m[39m[31m[1m^[22m[39m[31m[1m^[22m[39m
 [90m 32 |[39m
 [90m 33 |[39m [36mconst[39m [33mFLASHER_SCRIPT[39m [33m=[39m
 [90m 34 |[39m   [32m"https://unpkg.com/esp-web-tools@10.1.0/dist/web/install-button.js?module"[39m[33m;[39m[0m

Import map: aliased to relative './src/features/diy/components/Step4Flash' inside of [project]/


Import traces:
  Client Component Browser:
    ./src/app/devices/diy/page.tsx [Client Component Browser]
    ./src/app/devices/diy/page.tsx [Server Component]

  Client Component SSR:
    ./src/app/devices/diy/page.tsx [Client Component SSR]
    ./src/app/devices/diy/page.tsx [Server Component]

https://nextjs.org/docs/messages/module-not-found


⨯ ./src/app/devices/diy/page.tsx:31:1
Module not found: Can't resolve '@/features/diy/components/Step4Flash'
[0m [90m 29 |[39m [36mimport[39m { [33mStep2Pins[39m } [36mfrom[39m [32m"@/features/diy/components/Step2Pins"[39m[33m;[39m
 [90m 30 |[39m [36mimport[39m { [33mStep3Validate[39m } [36mfrom[39m [32m"@/features/diy/components/Step3Validate"[39m[33m;[39m
[31m[1m>[22m[39m[90m 31 |[39m [36mimport[39m { [33mStep4Flash[39m } [36mfrom[39m [32m"@/features/diy/components/Step4Flash"[39m[33m;[39m
 [90m    |[39m [31m[1m^[22m[39m[31m[1m^[22m[39m[31m[1m^[22m[39m[31m[1m^[22m[39m[31m[1m^[22m[39m[31m[1m^[22m[39m[31m[1m^[22m[39m[31m[1m^[22m[39m[31m[1m^[22m[39m[31m[1m^[22m[39m[31m[1m^[22m[39m[31m[1m^[22m[39m[31m[1m^[22m[39m[31m[1m^[22m[39m[31m[1m^[22m[39m[31m[1m^[22m[39m[31m[1m^[22m[39m[31m[1m^[22m[39m[31m[1m^[22m[39m[31m[1m^[22m[39m[31m[1m^[22m[39m[31m[1m^[22m[39m[31m[1m^[22m[39m[31m[1m^[22m[39m[31m[1m^[22m[39m[31m[1m^[22m[39m[31m[1m^[22m[39m[31m[1m^[22m[39m[31m[1m^[22m[39m[31m[1m^[22m[39m[31m[1m^[22m[39m[31m[1m^[22m[39m[31m[1m^[22m[39m[31m[1m^[22m[39m[31m[1m^[22m[39m[31m[1m^[22m[39m[31m[1m^[22m[39m[31m[1m^[22m[39m[31m[1m^[22m[39m[31m[1m^[22m[39m[31m[1m^[22m[39m[31m[1m^[22m[39m[31m[1m^[22m[39m[31m[1m^[22m[39m[31m[1m^[22m[39m[31m[1m^[22m[39m[31m[1m^[22m[39m[31m[1m^[22m[39m[31m[1m^[22m[39m[31m[1m^[22m[39m[31m[1m^[22m[39m[31m[1m^[22m[39m[31m[1m^[22m[39m[31m[1m^[22m[39m[31m[1m^[22m[39m[31m[1m^[22m[39m[31m[1m^[22m[39m[31m[1m^[22m[39m[31m[1m^[22m[39m[31m[1m^[22m[39m[31m[1m^[22m[39m[31m[1m^[22m[39m[31m[1m^[22m[39m[31m[1m^[22m[39m[31m[1m^[22m[39m[31m[1m^[22m[39m
 [90m 32 |[39m
 [90m 33 |[39m [36mconst[39m [33mFLASHER_SCRIPT[39m [33m=[39m
 [90m 34 |[39m   [32m"https://unpkg.com/esp-web-tools@10.1.0/dist/web/install-button.js?module"[39m[33m;[39m[0m

Import map: aliased to relative './src/features/diy/components/Step4Flash' inside of [project]/


Import traces:
  Client Component Browser:
    ./src/app/devices/diy/page.tsx [Client Component Browser]
    ./src/app/devices/diy/page.tsx [Server Component]

  Client Component SSR:
    ./src/app/devices/diy/page.tsx [Client Component SSR]
    ./src/app/devices/diy/page.tsx [Server Component]

https://nextjs.org/docs/messages/module-not-found


⨯ ./src/app/devices/diy/page.tsx:31:1
Module not found: Can't resolve '@/features/diy/components/Step4Flash'
[0m [90m 29 |[39m [36mimport[39m { [33mStep2Pins[39m } [36mfrom[39m [32m"@/features/diy/components/Step2Pins"[39m[33m;[39m
 [90m 30 |[39m [36mimport[39m { [33mStep3Validate[39m } [36mfrom[39m [32m"@/features/diy/components/Step3Validate"[39m[33m;[39m
[31m[1m>[22m[39m[90m 31 |[39m [36mimport[39m { [33mStep4Flash[39m } [36mfrom[39m [32m"@/features/diy/components/Step4Flash"[39m[33m;[39m
 [90m    |[39m [31m[1m^[22m[39m[31m[1m^[22m[39m[31m[1m^[22m[39m[31m[1m^[22m[39m[31m[1m^[22m[39m[31m[1m^[22m[39m[31m[1m^[22m[39m[31m[1m^[22m[39m[31m[1m^[22m[39m[31m[1m^[22m[39m[31m[1m^[22m[39m[31m[1m^[22m[39m[31m[1m^[22m[39m[31m[1m^[22m[39m[31m[1m^[22m[39m[31m[1m^[22m[39m[31m[1m^[22m[39m[31m[1m^[22m[39m[31m[1m^[22m[39m[31m[1m^[22m[39m[31m[1m^[22m[39m[31m[1m^[22m[39m[31m[1m^[22m[39m[31m[1m^[22m[39m[31m[1m^[22m[39m[31m[1m^[22m[39m[31m[1m^[22m[39m[31m[1m^[22m[39m[31m[1m^[22m[39m[31m[1m^[22m[39m[31m[1m^[22m[39m[31m[1m^[22m[39m[31m[1m^[22m[39m[31m[1m^[22m[39m[31m[1m^[22m[39m[31m[1m^[22m[39m[31m[1m^[22m[39m[31m[1m^[22m[39m[31m[1m^[22m[39m[31m[1m^[22m[39m[31m[1m^[22m[39m[31m[1m^[22m[39m[31m[1m^[22m[39m[31m[1m^[22m[39m[31m[1m^[22m[39m[31m[1m^[22m[39m[31m[1m^[22m[39m[31m[1m^[22m[39m[31m[1m^[22m[39m[31m[1m^[22m[39m[31m[1m^[22m[39m[31m[1m^[22m[39m[31m[1m^[22m[39m[31m[1m^[22m[39m[31m[1m^[22m[39m[31m[1m^[22m[39m[31m[1m^[22m[39m[31m[1m^[22m[39m[31m[1m^[22m[39m[31m[1m^[22m[39m[31m[1m^[22m[39m[31m[1m^[22m[39m[31m[1m^[22m[39m[31m[1m^[22m[39m[31m[1m^[22m[39m[31m[1m^[22m[39m
 [90m 32 |[39m
 [90m 33 |[39m [36mconst[39m [33mFLASHER_SCRIPT[39m [33m=[39m
 [90m 34 |[39m   [32m"https://unpkg.com/esp-web-tools@10.1.0/dist/web/install-button.js?module"[39m[33m;[39m[0m

Import map: aliased to relative './src/features/diy/components/Step4Flash' inside of [project]/


Import traces:
  Client Component Browser:
    ./src/app/devices/diy/page.tsx [Client Component Browser]
    ./src/app/devices/diy/page.tsx [Server Component]

  Client Component SSR:
    ./src/app/devices/diy/page.tsx [Client Component SSR]
    ./src/app/devices/diy/page.tsx [Server Component]

https://nextjs.org/docs/messages/module-not-found


⨯ ./src/app/devices/diy/page.tsx:31:1
Module not found: Can't resolve '@/features/diy/components/Step4Flash'
[0m [90m 29 |[39m [36mimport[39m { [33mStep2Pins[39m } [36mfrom[39m [32m"@/features/diy/components/Step2Pins"[39m[33m;[39m
 [90m 30 |[39m [36mimport[39m { [33mStep3Validate[39m } [36mfrom[39m [32m"@/features/diy/components/Step3Validate"[39m[33m;[39m
[31m[1m>[22m[39m[90m 31 |[39m [36mimport[39m { [33mStep4Flash[39m } [36mfrom[39m [32m"@/features/diy/components/Step4Flash"[39m[33m;[39m
 [90m    |[39m [31m[1m^[22m[39m[31m[1m^[22m[39m[31m[1m^[22m[39m[31m[1m^[22m[39m[31m[1m^[22m[39m[31m[1m^[22m[39m[31m[1m^[22m[39m[31m[1m^[22m[39m[31m[1m^[22m[39m[31m[1m^[22m[39m[31m[1m^[22m[39m[31m[1m^[22m[39m[31m[1m^[22m[39m[31m[1m^[22m[39m[31m[1m^[22m[39m[31m[1m^[22m[39m[31m[1m^[22m[39m[31m[1m^[22m[39m[31m[1m^[22m[39m[31m[1m^[22m[39m[31m[1m^[22m[39m[31m[1m^[22m[39m[31m[1m^[22m[39m[31m[1m^[22m[39m[31m[1m^[22m[39m[31m[1m^[22m[39m[31m[1m^[22m[39m[31m[1m^[22m[39m[31m[1m^[22m[39m[31m[1m^[22m[39m[31m[1m^[22m[39m[31m[1m^[22m[39m[31m[1m^[22m[39m[31m[1m^[22m[39m[31m[1m^[22m[39m[31m[1m^[22m[39m[31m[1m^[22m[39m[31m[1m^[22m[39m[31m[1m^[22m[39m[31m[1m^[22m[39m[31m[1m^[22m[39m[31m[1m^[22m[39m[31m[1m^[22m[39m[31m[1m^[22m[39m[31m[1m^[22m[39m[31m[1m^[22m[39m[31m[1m^[22m[39m[31m[1m^[22m[39m[31m[1m^[22m[39m[31m[1m^[22m[39m[31m[1m^[22m[39m[31m[1m^[22m[39m[31m[1m^[22m[39m[31m[1m^[22m[39m[31m[1m^[22m[39m[31m[1m^[22m[39m[31m[1m^[22m[39m[31m[1m^[22m[39m[31m[1m^[22m[39m[31m[1m^[22m[39m[31m[1m^[22m[39m[31m[1m^[22m[39m[31m[1m^[22m[39m[31m[1m^[22m[39m[31m[1m^[22m[39m[31m[1m^[22m[39m
 [90m 32 |[39m
 [90m 33 |[39m [36mconst[39m [33mFLASHER_SCRIPT[39m [33m=[39m
 [90m 34 |[39m   [32m"https://unpkg.com/esp-web-tools@10.1.0/dist/web/install-button.js?module"[39m[33m;[39m[0m

Import map: aliased to relative './src/features/diy/components/Step4Flash' inside of [project]/


Import traces:
  Client Component Browser:
    ./src/app/devices/diy/page.tsx [Client Component Browser]
    ./src/app/devices/diy/page.tsx [Server Component]

  Client Component SSR:
    ./src/app/devices/diy/page.tsx [Client Component SSR]
    ./src/app/devices/diy/page.tsx [Server Component]

https://nextjs.org/docs/messages/module-not-found


⨯ ./src/app/devices/diy/page.tsx:31:1
Module not found: Can't resolve '@/features/diy/components/Step4Flash'
[0m [90m 29 |[39m [36mimport[39m { [33mStep2Pins[39m } [36mfrom[39m [32m"@/features/diy/components/Step2Pins"[39m[33m;[39m
 [90m 30 |[39m [36mimport[39m { [33mStep3Validate[39m } [36mfrom[39m [32m"@/features/diy/components/Step3Validate"[39m[33m;[39m
[31m[1m>[22m[39m[90m 31 |[39m [36mimport[39m { [33mStep4Flash[39m } [36mfrom[39m [32m"@/features/diy/components/Step4Flash"[39m[33m;[39m
 [90m    |[39m [31m[1m^[22m[39m[31m[1m^[22m[39m[31m[1m^[22m[39m[31m[1m^[22m[39m[31m[1m^[22m[39m[31m[1m^[22m[39m[31m[1m^[22m[39m[31m[1m^[22m[39m[31m[1m^[22m[39m[31m[1m^[22m[39m[31m[1m^[22m[39m[31m[1m^[22m[39m[31m[1m^[22m[39m[31m[1m^[22m[39m[31m[1m^[22m[39m[31m[1m^[22m[39m[31m[1m^[22m[39m[31m[1m^[22m[39m[31m[1m^[22m[39m[31m[1m^[22m[39m[31m[1m^[22m[39m[31m[1m^[22m[39m[31m[1m^[22m[39m[31m[1m^[22m[39m[31m[1m^[22m[39m[31m[1m^[22m[39m[31m[1m^[22m[39m[31m[1m^[22m[39m[31m[1m^[22m[39m[31m[1m^[22m[39m[31m[1m^[22m[39m[31m[1m^[22m[39m[31m[1m^[22m[39m[31m[1m^[22m[39m[31m[1m^[22m[39m[31m[1m^[22m[39m[31m[1m^[22m[39m[31m[1m^[22m[39m[31m[1m^[22m[39m[31m[1m^[22m[39m[31m[1m^[22m[39m[31m[1m^[22m[39m[31m[1m^[22m[39m[31m[1m^[22m[39m[31m[1m^[22m[39m[31m[1m^[22m[39m[31m[1m^[22m[39m[31m[1m^[22m[39m[31m[1m^[22m[39m[31m[1m^[22m[39m[31m[1m^[22m[39m[31m[1m^[22m[39m[31m[1m^[22m[39m[31m[1m^[22m[39m[31m[1m^[22m[39m[31m[1m^[22m[39m[31m[1m^[22m[39m[31m[1m^[22m[39m[31m[1m^[22m[39m[31m[1m^[22m[39m[31m[1m^[22m[39m[31m[1m^[22m[39m[31m[1m^[22m[39m[31m[1m^[22m[39m[31m[1m^[22m[39m[31m[1m^[22m[39m
 [90m 32 |[39m
 [90m 33 |[39m [36mconst[39m [33mFLASHER_SCRIPT[39m [33m=[39m
 [90m 34 |[39m   [32m"https://unpkg.com/esp-web-tools@10.1.0/dist/web/install-button.js?module"[39m[33m;[39m[0m

Import map: aliased to relative './src/features/diy/components/Step4Flash' inside of [project]/


Import traces:
  Client Component Browser:
    ./src/app/devices/diy/page.tsx [Client Component Browser]
    ./src/app/devices/diy/page.tsx [Server Component]

  Client Component SSR:
    ./src/app/devices/diy/page.tsx [Client Component SSR]
    ./src/app/devices/diy/page.tsx [Server Component]

https://nextjs.org/docs/messages/module-not-found


⨯ ./src/app/devices/diy/page.tsx:31:1
Module not found: Can't resolve '@/features/diy/components/Step4Flash'
[0m [90m 29 |[39m [36mimport[39m { [33mStep2Pins[39m } [36mfrom[39m [32m"@/features/diy/components/Step2Pins"[39m[33m;[39m
 [90m 30 |[39m [36mimport[39m { [33mStep3Validate[39m } [36mfrom[39m [32m"@/features/diy/components/Step3Validate"[39m[33m;[39m
[31m[1m>[22m[39m[90m 31 |[39m [36mimport[39m { [33mStep4Flash[39m } [36mfrom[39m [32m"@/features/diy/components/Step4Flash"[39m[33m;[39m
 [90m    |[39m [31m[1m^[22m[39m[31m[1m^[22m[39m[31m[1m^[22m[39m[31m[1m^[22m[39m[31m[1m^[22m[39m[31m[1m^[22m[39m[31m[1m^[22m[39m[31m[1m^[22m[39m[31m[1m^[22m[39m[31m[1m^[22m[39m[31m[1m^[22m[39m[31m[1m^[22m[39m[31m[1m^[22m[39m[31m[1m^[22m[39m[31m[1m^[22m[39m[31m[1m^[22m[39m[31m[1m^[22m[39m[31m[1m^[22m[39m[31m[1m^[22m[39m[31m[1m^[22m[39m[31m[1m^[22m[39m[31m[1m^[22m[39m[31m[1m^[22m[39m[31m[1m^[22m[39m[31m[1m^[22m[39m[31m[1m^[22m[39m[31m[1m^[22m[39m[31m[1m^[22m[39m[31m[1m^[22m[39m[31m[1m^[22m[39m[31m[1m^[22m[39m[31m[1m^[22m[39m[31m[1m^[22m[39m[31m[1m^[22m[39m[31m[1m^[22m[39m[31m[1m^[22m[39m[31m[1m^[22m[39m[31m[1m^[22m[39m[31m[1m^[22m[39m[31m[1m^[22m[39m[31m[1m^[22m[39m[31m[1m^[22m[39m[31m[1m^[22m[39m[31m[1m^[22m[39m[31m[1m^[22m[39m[31m[1m^[22m[39m[31m[1m^[22m[39m[31m[1m^[22m[39m[31m[1m^[22m[39m[31m[1m^[22m[39m[31m[1m^[22m[39m[31m[1m^[22m[39m[31m[1m^[22m[39m[31m[1m^[22m[39m[31m[1m^[22m[39m[31m[1m^[22m[39m[31m[1m^[22m[39m[31m[1m^[22m[39m[31m[1m^[22m[39m[31m[1m^[22m[39m[31m[1m^[22m[39m[31m[1m^[22m[39m[31m[1m^[22m[39m[31m[1m^[22m[39m[31m[1m^[22m[39m[31m[1m^[22m[39m
 [90m 32 |[39m
 [90m 33 |[39m [36mconst[39m [33mFLASHER_SCRIPT[39m [33m=[39m
 [90m 34 |[39m   [32m"https://unpkg.com/esp-web-tools@10.1.0/dist/web/install-button.js?module"[39m[33m;[39m[0m

Import map: aliased to relative './src/features/diy/components/Step4Flash' inside of [project]/


Import traces:
  Client Component Browser:
    ./src/app/devices/diy/page.tsx [Client Component Browser]
    ./src/app/devices/diy/page.tsx [Server Component]

  Client Component SSR:
    ./src/app/devices/diy/page.tsx [Client Component SSR]
    ./src/app/devices/diy/page.tsx [Server Component]

https://nextjs.org/docs/messages/module-not-found


⨯ ./src/app/devices/diy/page.tsx:31:1
Module not found: Can't resolve '@/features/diy/components/Step4Flash'
[0m [90m 29 |[39m [36mimport[39m { [33mStep2Pins[39m } [36mfrom[39m [32m"@/features/diy/components/Step2Pins"[39m[33m;[39m
 [90m 30 |[39m [36mimport[39m { [33mStep3Validate[39m } [36mfrom[39m [32m"@/features/diy/components/Step3Validate"[39m[33m;[39m
[31m[1m>[22m[39m[90m 31 |[39m [36mimport[39m { [33mStep4Flash[39m } [36mfrom[39m [32m"@/features/diy/components/Step4Flash"[39m[33m;[39m
 [90m    |[39m [31m[1m^[22m[39m[31m[1m^[22m[39m[31m[1m^[22m[39m[31m[1m^[22m[39m[31m[1m^[22m[39m[31m[1m^[22m[39m[31m[1m^[22m[39m[31m[1m^[22m[39m[31m[1m^[22m[39m[31m[1m^[22m[39m[31m[1m^[22m[39m[31m[1m^[22m[39m[31m[1m^[22m[39m[31m[1m^[22m[39m[31m[1m^[22m[39m[31m[1m^[22m[39m[31m[1m^[22m[39m[31m[1m^[22m[39m[31m[1m^[22m[39m[31m[1m^[22m[39m[31m[1m^[22m[39m[31m[1m^[22m[39m[31m[1m^[22m[39m[31m[1m^[22m[39m[31m[1m^[22m[39m[31m[1m^[22m[39m[31m[1m^[22m[39m[31m[1m^[22m[39m[31m[1m^[22m[39m[31m[1m^[22m[39m[31m[1m^[22m[39m[31m[1m^[22m[39m[31m[1m^[22m[39m[31m[1m^[22m[39m[31m[1m^[22m[39m[31m[1m^[22m[39m[31m[1m^[22m[39m[31m[1m^[22m[39m[31m[1m^[22m[39m[31m[1m^[22m[39m[31m[1m^[22m[39m[31m[1m^[22m[39m[31m[1m^[22m[39m[31m[1m^[22m[39m[31m[1m^[22m[39m[31m[1m^[22m[39m[31m[1m^[22m[39m[31m[1m^[22m[39m[31m[1m^[22m[39m[31m[1m^[22m[39m[31m[1m^[22m[39m[31m[1m^[22m[39m[31m[1m^[22m[39m[31m[1m^[22m[39m[31m[1m^[22m[39m[31m[1m^[22m[39m[31m[1m^[22m[39m[31m[1m^[22m[39m[31m[1m^[22m[39m[31m[1m^[22m[39m[31m[1m^[22m[39m[31m[1m^[22m[39m[31m[1m^[22m[39m[31m[1m^[22m[39m[31m[1m^[22m[39m[31m[1m^[22m[39m
 [90m 32 |[39m
 [90m 33 |[39m [36mconst[39m [33mFLASHER_SCRIPT[39m [33m=[39m
 [90m 34 |[39m   [32m"https://unpkg.com/esp-web-tools@10.1.0/dist/web/install-button.js?module"[39m[33m;[39m[0m

Import map: aliased to relative './src/features/diy/components/Step4Flash' inside of [project]/


Import traces:
  Client Component Browser:
    ./src/app/devices/diy/page.tsx [Client Component Browser]
    ./src/app/devices/diy/page.tsx [Server Component]

  Client Component SSR:
    ./src/app/devices/diy/page.tsx [Client Component SSR]
    ./src/app/devices/diy/page.tsx [Server Component]

https://nextjs.org/docs/messages/module-not-found


⨯ ./src/app/devices/diy/page.tsx:31:1
Module not found: Can't resolve '@/features/diy/components/Step4Flash'
[0m [90m 29 |[39m [36mimport[39m { [33mStep2Pins[39m } [36mfrom[39m [32m"@/features/diy/components/Step2Pins"[39m[33m;[39m
 [90m 30 |[39m [36mimport[39m { [33mStep3Validate[39m } [36mfrom[39m [32m"@/features/diy/components/Step3Validate"[39m[33m;[39m
[31m[1m>[22m[39m[90m 31 |[39m [36mimport[39m { [33mStep4Flash[39m } [36mfrom[39m [32m"@/features/diy/components/Step4Flash"[39m[33m;[39m
 [90m    |[39m [31m[1m^[22m[39m[31m[1m^[22m[39m[31m[1m^[22m[39m[31m[1m^[22m[39m[31m[1m^[22m[39m[31m[1m^[22m[39m[31m[1m^[22m[39m[31m[1m^[22m[39m[31m[1m^[22m[39m[31m[1m^[22m[39m[31m[1m^[22m[39m[31m[1m^[22m[39m[31m[1m^[22m[39m[31m[1m^[22m[39m[31m[1m^[22m[39m[31m[1m^[22m[39m[31m[1m^[22m[39m[31m[1m^[22m[39m[31m[1m^[22m[39m[31m[1m^[22m[39m[31m[1m^[22m[39m[31m[1m^[22m[39m[31m[1m^[22m[39m[31m[1m^[22m[39m[31m[1m^[22m[39m[31m[1m^[22m[39m[31m[1m^[22m[39m[31m[1m^[22m[39m[31m[1m^[22m[39m[31m[1m^[22m[39m[31m[1m^[22m[39m[31m[1m^[22m[39m[31m[1m^[22m[39m[31m[1m^[22m[39m[31m[1m^[22m[39m[31m[1m^[22m[39m[31m[1m^[22m[39m[31m[1m^[22m[39m[31m[1m^[22m[39m[31m[1m^[22m[39m[31m[1m^[22m[39m[31m[1m^[22m[39m[31m[1m^[22m[39m[31m[1m^[22m[39m[31m[1m^[22m[39m[31m[1m^[22m[39m[31m[1m^[22m[39m[31m[1m^[22m[39m[31m[1m^[22m[39m[31m[1m^[22m[39m[31m[1m^[22m[39m[31m[1m^[22m[39m[31m[1m^[22m[39m[31m[1m^[22m[39m[31m[1m^[22m[39m[31m[1m^[22m[39m[31m[1m^[22m[39m[31m[1m^[22m[39m[31m[1m^[22m[39m[31m[1m^[22m[39m[31m[1m^[22m[39m[31m[1m^[22m[39m[31m[1m^[22m[39m[31m[1m^[22m[39m[31m[1m^[22m[39m[31m[1m^[22m[39m
 [90m 32 |[39m
 [90m 33 |[39m [36mconst[39m [33mFLASHER_SCRIPT[39m [33m=[39m
 [90m 34 |[39m   [32m"https://unpkg.com/esp-web-tools@10.1.0/dist/web/install-button.js?module"[39m[33m;[39m[0m

Import map: aliased to relative './src/features/diy/components/Step4Flash' inside of [project]/


Import traces:
  Client Component Browser:
    ./src/app/devices/diy/page.tsx [Client Component Browser]
    ./src/app/devices/diy/page.tsx [Server Component]

  Client Component SSR:
    ./src/app/devices/diy/page.tsx [Client Component SSR]
    ./src/app/devices/diy/page.tsx [Server Component]

https://nextjs.org/docs/messages/module-not-found


⨯ ./src/app/devices/diy/page.tsx:31:1
Module not found: Can't resolve '@/features/diy/components/Step4Flash'
[0m [90m 29 |[39m [36mimport[39m { [33mStep2Pins[39m } [36mfrom[39m [32m"@/features/diy/components/Step2Pins"[39m[33m;[39m
 [90m 30 |[39m [36mimport[39m { [33mStep3Validate[39m } [36mfrom[39m [32m"@/features/diy/components/Step3Validate"[39m[33m;[39m
[31m[1m>[22m[39m[90m 31 |[39m [36mimport[39m { [33mStep4Flash[39m } [36mfrom[39m [32m"@/features/diy/components/Step4Flash"[39m[33m;[39m
 [90m    |[39m [31m[1m^[22m[39m[31m[1m^[22m[39m[31m[1m^[22m[39m[31m[1m^[22m[39m[31m[1m^[22m[39m[31m[1m^[22m[39m[31m[1m^[22m[39m[31m[1m^[22m[39m[31m[1m^[22m[39m[31m[1m^[22m[39m[31m[1m^[22m[39m[31m[1m^[22m[39m[31m[1m^[22m[39m[31m[1m^[22m[39m[31m[1m^[22m[39m[31m[1m^[22m[39m[31m[1m^[22m[39m[31m[1m^[22m[39m[31m[1m^[22m[39m[31m[1m^[22m[39m[31m[1m^[22m[39m[31m[1m^[22m[39m[31m[1m^[22m[39m[31m[1m^[22m[39m[31m[1m^[22m[39m[31m[1m^[22m[39m[31m[1m^[22m[39m[31m[1m^[22m[39m[31m[1m^[22m[39m[31m[1m^[22m[39m[31m[1m^[22m[39m[31m[1m^[22m[39m[31m[1m^[22m[39m[31m[1m^[22m[39m[31m[1m^[22m[39m[31m[1m^[22m[39m[31m[1m^[22m[39m[31m[1m^[22m[39m[31m[1m^[22m[39m[31m[1m^[22m[39m[31m[1m^[22m[39m[31m[1m^[22m[39m[31m[1m^[22m[39m[31m[1m^[22m[39m[31m[1m^[22m[39m[31m[1m^[22m[39m[31m[1m^[22m[39m[31m[1m^[22m[39m[31m[1m^[22m[39m[31m[1m^[22m[39m[31m[1m^[22m[39m[31m[1m^[22m[39m[31m[1m^[22m[39m[31m[1m^[22m[39m[31m[1m^[22m[39m[31m[1m^[22m[39m[31m[1m^[22m[39m[31m[1m^[22m[39m[31m[1m^[22m[39m[31m[1m^[22m[39m[31m[1m^[22m[39m[31m[1m^[22m[39m[31m[1m^[22m[39m[31m[1m^[22m[39m[31m[1m^[22m[39m[31m[1m^[22m[39m
 [90m 32 |[39m
 [90m 33 |[39m [36mconst[39m [33mFLASHER_SCRIPT[39m [33m=[39m
 [90m 34 |[39m   [32m"https://unpkg.com/esp-web-tools@10.1.0/dist/web/install-button.js?module"[39m[33m;[39m[0m

Import map: aliased to relative './src/features/diy/components/Step4Flash' inside of [project]/


Import traces:
  Client Component Browser:
    ./src/app/devices/diy/page.tsx [Client Component Browser]
    ./src/app/devices/diy/page.tsx [Server Component]

  Client Component SSR:
    ./src/app/devices/diy/page.tsx [Client Component SSR]
    ./src/app/devices/diy/page.tsx [Server Component]

https://nextjs.org/docs/messages/module-not-found


⨯ ./src/app/devices/diy/page.tsx:31:1
Module not found: Can't resolve '@/features/diy/components/Step4Flash'
[0m [90m 29 |[39m [36mimport[39m { [33mStep2Pins[39m } [36mfrom[39m [32m"@/features/diy/components/Step2Pins"[39m[33m;[39m
 [90m 30 |[39m [36mimport[39m { [33mStep3Validate[39m } [36mfrom[39m [32m"@/features/diy/components/Step3Validate"[39m[33m;[39m
[31m[1m>[22m[39m[90m 31 |[39m [36mimport[39m { [33mStep4Flash[39m } [36mfrom[39m [32m"@/features/diy/components/Step4Flash"[39m[33m;[39m
 [90m    |[39m [31m[1m^[22m[39m[31m[1m^[22m[39m[31m[1m^[22m[39m[31m[1m^[22m[39m[31m[1m^[22m[39m[31m[1m^[22m[39m[31m[1m^[22m[39m[31m[1m^[22m[39m[31m[1m^[22m[39m[31m[1m^[22m[39m[31m[1m^[22m[39m[31m[1m^[22m[39m[31m[1m^[22m[39m[31m[1m^[22m[39m[31m[1m^[22m[39m[31m[1m^[22m[39m[31m[1m^[22m[39m[31m[1m^[22m[39m[31m[1m^[22m[39m[31m[1m^[22m[39m[31m[1m^[22m[39m[31m[1m^[22m[39m[31m[1m^[22m[39m[31m[1m^[22m[39m[31m[1m^[22m[39m[31m[1m^[22m[39m[31m[1m^[22m[39m[31m[1m^[22m[39m[31m[1m^[22m[39m[31m[1m^[22m[39m[31m[1m^[22m[39m[31m[1m^[22m[39m[31m[1m^[22m[39m[31m[1m^[22m[39m[31m[1m^[22m[39m[31m[1m^[22m[39m[31m[1m^[22m[39m[31m[1m^[22m[39m[31m[1m^[22m[39m[31m[1m^[22m[39m[31m[1m^[22m[39m[31m[1m^[22m[39m[31m[1m^[22m[39m[31m[1m^[22m[39m[31m[1m^[22m[39m[31m[1m^[22m[39m[31m[1m^[22m[39m[31m[1m^[22m[39m[31m[1m^[22m[39m[31m[1m^[22m[39m[31m[1m^[22m[39m[31m[1m^[22m[39m[31m[1m^[22m[39m[31m[1m^[22m[39m[31m[1m^[22m[39m[31m[1m^[22m[39m[31m[1m^[22m[39m[31m[1m^[22m[39m[31m[1m^[22m[39m[31m[1m^[22m[39m[31m[1m^[22m[39m[31m[1m^[22m[39m[31m[1m^[22m[39m[31m[1m^[22m[39m[31m[1m^[22m[39m[31m[1m^[22m[39m
 [90m 32 |[39m
 [90m 33 |[39m [36mconst[39m [33mFLASHER_SCRIPT[39m [33m=[39m
 [90m 34 |[39m   [32m"https://unpkg.com/esp-web-tools@10.1.0/dist/web/install-button.js?module"[39m[33m;[39m[0m

Import map: aliased to relative './src/features/diy/components/Step4Flash' inside of [project]/


Import traces:
  Client Component Browser:
    ./src/app/devices/diy/page.tsx [Client Component Browser]
    ./src/app/devices/diy/page.tsx [Server Component]

  Client Component SSR:
    ./src/app/devices/diy/page.tsx [Client Component SSR]
    ./src/app/devices/diy/page.tsx [Server Component]

https://nextjs.org/docs/messages/module-not-found


⨯ ./src/app/devices/diy/page.tsx:31:1
Module not found: Can't resolve '@/features/diy/components/Step4Flash'
[0m [90m 29 |[39m [36mimport[39m { [33mStep2Pins[39m } [36mfrom[39m [32m"@/features/diy/components/Step2Pins"[39m[33m;[39m
 [90m 30 |[39m [36mimport[39m { [33mStep3Validate[39m } [36mfrom[39m [32m"@/features/diy/components/Step3Validate"[39m[33m;[39m
[31m[1m>[22m[39m[90m 31 |[39m [36mimport[39m { [33mStep4Flash[39m } [36mfrom[39m [32m"@/features/diy/components/Step4Flash"[39m[33m;[39m
 [90m    |[39m [31m[1m^[22m[39m[31m[1m^[22m[39m[31m[1m^[22m[39m[31m[1m^[22m[39m[31m[1m^[22m[39m[31m[1m^[22m[39m[31m[1m^[22m[39m[31m[1m^[22m[39m[31m[1m^[22m[39m[31m[1m^[22m[39m[31m[1m^[22m[39m[31m[1m^[22m[39m[31m[1m^[22m[39m[31m[1m^[22m[39m[31m[1m^[22m[39m[31m[1m^[22m[39m[31m[1m^[22m[39m[31m[1m^[22m[39m[31m[1m^[22m[39m[31m[1m^[22m[39m[31m[1m^[22m[39m[31m[1m^[22m[39m[31m[1m^[22m[39m[31m[1m^[22m[39m[31m[1m^[22m[39m[31m[1m^[22m[39m[31m[1m^[22m[39m[31m[1m^[22m[39m[31m[1m^[22m[39m[31m[1m^[22m[39m[31m[1m^[22m[39m[31m[1m^[22m[39m[31m[1m^[22m[39m[31m[1m^[22m[39m[31m[1m^[22m[39m[31m[1m^[22m[39m[31m[1m^[22m[39m[31m[1m^[22m[39m[31m[1m^[22m[39m[31m[1m^[22m[39m[31m[1m^[22m[39m[31m[1m^[22m[39m[31m[1m^[22m[39m[31m[1m^[22m[39m[31m[1m^[22m[39m[31m[1m^[22m[39m[31m[1m^[22m[39m[31m[1m^[22m[39m[31m[1m^[22m[39m[31m[1m^[22m[39m[31m[1m^[22m[39m[31m[1m^[22m[39m[31m[1m^[22m[39m[31m[1m^[22m[39m[31m[1m^[22m[39m[31m[1m^[22m[39m[31m[1m^[22m[39m[31m[1m^[22m[39m[31m[1m^[22m[39m[31m[1m^[22m[39m[31m[1m^[22m[39m[31m[1m^[22m[39m[31m[1m^[22m[39m[31m[1m^[22m[39m[31m[1m^[22m[39m[31m[1m^[22m[39m
 [90m 32 |[39m
 [90m 33 |[39m [36mconst[39m [33mFLASHER_SCRIPT[39m [33m=[39m
 [90m 34 |[39m   [32m"https://unpkg.com/esp-web-tools@10.1.0/dist/web/install-button.js?module"[39m[33m;[39m[0m

Import map: aliased to relative './src/features/diy/components/Step4Flash' inside of [project]/


Import traces:
  Client Component Browser:
    ./src/app/devices/diy/page.tsx [Client Component Browser]
    ./src/app/devices/diy/page.tsx [Server Component]

  Client Component SSR:
    ./src/app/devices/diy/page.tsx [Client Component SSR]
    ./src/app/devices/diy/page.tsx [Server Component]

https://nextjs.org/docs/messages/module-not-found


✓ Compiled in 150ms
✓ Compiled in 220ms
 GET /automation 200 in 555ms (compile: 203ms, render: 352ms)
 GET /devices/diy 200 in 230ms (compile: 118ms, render: 112ms)
 GET /login 200 in 227ms (compile: 174ms, render: 53ms)
✓ Compiled in 46ms
 GET /devices/diy 200 in 159ms (compile: 57ms, render: 103ms)
✓ Compiled in 53ms
✓ Compiled in 49ms
 GET /devices/diy 200 in 120ms (compile: 57ms, render: 63ms)
✓ Compiled in 56ms
✓ Compiled in 61ms
 GET /devices/diy 200 in 164ms (compile: 90ms, render: 74ms)
 GET /login 200 in 98ms (compile: 11ms, render: 87ms)
 GET /devices/diy 200 in 47ms (compile: 7ms, render: 40ms)
 GET /devices 200 in 65ms (compile: 36ms, render: 29ms)
 GET /automation 200 in 32ms (compile: 5ms, render: 27ms)
 GET / 200 in 57ms (compile: 13ms, render: 44ms)
 GET /login 200 in 100ms (compile: 9ms, render: 90ms)
 GET /login 200 in 536ms (compile: 282ms, render: 254ms)
 GET /login 200 in 257ms (compile: 8ms, render: 249ms)
 GET /automation 404 in 279ms (compile: 109ms, render: 170ms)
 GET /automation 404 in 166ms (compile: 11ms, render: 155ms)
 GET /automation 404 in 64ms (compile: 51ms, render: 13ms)
 GET /login 200 in 209ms (compile: 9ms, render: 200ms)
 GET /login 200 in 261ms (compile: 18ms, render: 244ms)
 GET /login 200 in 201ms (compile: 6ms, render: 195ms)
 GET /automation 404 in 281ms (compile: 21ms, render: 260ms)
 GET /login 200 in 199ms (compile: 22ms, render: 177ms)
 GET /login 200 in 166ms (compile: 4ms, render: 162ms)
 GET /login 200 in 145ms (compile: 23ms, render: 122ms)
 GET /login 200 in 111ms (compile: 6ms, render: 105ms)
 GET /login 200 in 106ms (compile: 8ms, render: 99ms)
 GET /login 200 in 93ms (compile: 5ms, render: 88ms)
 GET /login 200 in 128ms (compile: 2ms, render: 126ms)
 GET /login 200 in 138ms (compile: 4ms, render: 134ms)
 GET /login 200 in 170ms (compile: 5ms, render: 165ms)
 GET /login 200 in 202ms (compile: 3ms, render: 199ms)
 GET /login 200 in 205ms (compile: 9ms, render: 196ms)
 GET /login 200 in 188ms (compile: 4ms, render: 184ms)
 GET /login 200 in 183ms (compile: 12ms, render: 172ms)
 GET /login 200 in 167ms (compile: 9ms, render: 158ms)
 GET /login 200 in 154ms (compile: 5ms, render: 149ms)
 GET /login 200 in 153ms (compile: 4ms, render: 149ms)
 GET /login 200 in 172ms (compile: 5ms, render: 167ms)
 GET /login 200 in 212ms (compile: 4ms, render: 208ms)
 GET /login 200 in 261ms (compile: 6ms, render: 255ms)
 GET /login 200 in 205ms (compile: 17ms, render: 188ms)
 GET /login 200 in 279ms (compile: 7ms, render: 272ms)
 GET /login 200 in 312ms (compile: 5ms, render: 307ms)
 GET /login 200 in 366ms (compile: 15ms, render: 351ms)
 GET /login 200 in 416ms (compile: 39ms, render: 378ms)
 GET /login 200 in 339ms (compile: 7ms, render: 332ms)
 GET /login 200 in 311ms (compile: 26ms, render: 285ms)
 GET /login 200 in 277ms (compile: 11ms, render: 266ms)
 GET /login 200 in 202ms (compile: 49ms, render: 153ms)
 GET /login 200 in 120ms (compile: 4ms, render: 116ms)
 GET /login 200 in 110ms (compile: 8ms, render: 102ms)
 GET /login 200 in 96ms (compile: 3ms, render: 93ms)
 GET /login 200 in 97ms (compile: 3ms, render: 94ms)
 GET /login 200 in 99ms (compile: 4ms, render: 95ms)
 GET /login 200 in 101ms (compile: 3ms, render: 98ms)
 GET /login 200 in 116ms (compile: 7ms, render: 109ms)
 GET /login 200 in 124ms (compile: 5ms, render: 119ms)
 GET /login 200 in 132ms (compile: 3ms, render: 129ms)
 GET /login 200 in 148ms (compile: 3ms, render: 145ms)
 GET /login 200 in 145ms (compile: 9ms, render: 136ms)
 GET /login 200 in 116ms (compile: 5ms, render: 111ms)
 GET /login 200 in 123ms (compile: 7ms, render: 116ms)
 GET /login 200 in 109ms (compile: 4ms, render: 106ms)
 GET /login 200 in 93ms (compile: 7ms, render: 87ms)
 GET /login 200 in 87ms (compile: 3ms, render: 84ms)
 GET /login 200 in 73ms (compile: 3ms, render: 70ms)
 GET /login 200 in 73ms (compile: 2ms, render: 71ms)
 GET /login 200 in 98ms (compile: 2ms, render: 96ms)
 GET /login 200 in 125ms (compile: 4ms, render: 121ms)
 GET /login 200 in 152ms (compile: 5ms, render: 148ms)
 GET /login 200 in 177ms (compile: 8ms, render: 169ms)
 GET /login 200 in 157ms (compile: 6ms, render: 151ms)
 GET /login 200 in 131ms (compile: 7ms, render: 124ms)
 GET /login 200 in 117ms (compile: 5ms, render: 112ms)
 GET /login 200 in 143ms (compile: 3ms, render: 140ms)
 GET /login 200 in 127ms (compile: 5ms, render: 123ms)
 GET /login 200 in 131ms (compile: 10ms, render: 121ms)
 GET /login 200 in 117ms (compile: 5ms, render: 112ms)
 GET /login 200 in 88ms (compile: 4ms, render: 85ms)
 GET /login 200 in 63ms (compile: 6ms, render: 57ms)
 GET /login 200 in 31ms (compile: 6ms, render: 25ms)
✓ Compiled in 9ms
 GET /login 200 in 590ms (compile: 187ms, render: 403ms)
 GET /login 200 in 617ms (compile: 280ms, render: 337ms)
 GET /login 200 in 353ms (compile: 46ms, render: 307ms)
 GET /login 200 in 357ms (compile: 16ms, render: 341ms)
 GET /login 200 in 265ms (compile: 34ms, render: 231ms)
 GET /login 200 in 265ms (compile: 8ms, render: 257ms)
 GET /login 200 in 236ms (compile: 10ms, render: 226ms)
 GET /login 200 in 233ms (compile: 68ms, render: 166ms)
 GET /login 200 in 163ms (compile: 3ms, render: 160ms)
 GET /login 200 in 177ms (compile: 19ms, render: 158ms)
 GET /login 200 in 134ms (compile: 22ms, render: 113ms)
 GET /login 200 in 136ms (compile: 5ms, render: 132ms)
 GET /login 200 in 133ms (compile: 5ms, render: 128ms)
 GET /login 200 in 147ms (compile: 18ms, render: 129ms)
 GET /login 200 in 142ms (compile: 4ms, render: 138ms)
 GET /login 200 in 147ms (compile: 5ms, render: 142ms)
 GET /login 200 in 146ms (compile: 4ms, render: 142ms)
 GET /login 200 in 148ms (compile: 5ms, render: 143ms)
 GET /login 200 in 157ms (compile: 16ms, render: 141ms)
 GET /login 200 in 147ms (compile: 2ms, render: 144ms)
 GET /login 200 in 148ms (compile: 16ms, render: 132ms)
 GET /login 200 in 135ms (compile: 3ms, render: 132ms)
 GET /login 200 in 148ms (compile: 15ms, render: 133ms)
 GET /login 200 in 135ms (compile: 5ms, render: 130ms)
 GET /login 200 in 145ms (compile: 17ms, render: 128ms)
 GET /login 200 in 160ms (compile: 4ms, render: 156ms)
 GET /login 200 in 151ms (compile: 4ms, render: 146ms)
 GET /login 200 in 176ms (compile: 3ms, render: 172ms)
 GET /login 200 in 164ms (compile: 5ms, render: 159ms)
 GET /login 200 in 169ms (compile: 6ms, render: 163ms)
 GET /login 200 in 166ms (compile: 4ms, render: 162ms)
 GET /login 200 in 164ms (compile: 4ms, render: 160ms)
 GET /login 200 in 153ms (compile: 6ms, render: 147ms)
 GET /login 200 in 157ms (compile: 12ms, render: 145ms)
 GET /login 200 in 144ms (compile: 5ms, render: 139ms)
 GET /login 200 in 128ms (compile: 5ms, render: 123ms)
 GET /login 200 in 126ms (compile: 5ms, render: 120ms)
 GET /login 200 in 125ms (compile: 2ms, render: 123ms)
 GET /login 200 in 115ms (compile: 3ms, render: 113ms)
 GET /login 200 in 118ms (compile: 4ms, render: 114ms)
 GET /login 200 in 122ms (compile: 3ms, render: 119ms)
 GET /login 200 in 120ms (compile: 3ms, render: 117ms)
 GET /login 200 in 117ms (compile: 3ms, render: 115ms)
 GET /login 200 in 116ms (compile: 2ms, render: 114ms)
 GET /login 200 in 118ms (compile: 3ms, render: 115ms)
 GET /login 200 in 120ms (compile: 5ms, render: 116ms)
 GET /login 200 in 119ms (compile: 4ms, render: 115ms)
 GET /login 200 in 119ms (compile: 4ms, render: 115ms)
 GET /login 200 in 113ms (compile: 4ms, render: 109ms)
 GET /login 200 in 112ms (compile: 4ms, render: 108ms)
 GET /login 200 in 119ms (compile: 4ms, render: 115ms)
 GET /login 200 in 120ms (compile: 5ms, render: 115ms)
 GET /login 200 in 117ms (compile: 4ms, render: 112ms)
 GET /login 200 in 117ms (compile: 5ms, render: 112ms)
 GET /login 200 in 114ms (compile: 2ms, render: 112ms)
 GET /login 200 in 114ms (compile: 4ms, render: 110ms)
 GET /login 200 in 115ms (compile: 4ms, render: 111ms)
 GET /login 200 in 105ms (compile: 5ms, render: 99ms)
 GET /login 200 in 98ms (compile: 4ms, render: 94ms)
 GET /login 200 in 98ms (compile: 5ms, render: 93ms)
 GET /login 200 in 89ms (compile: 4ms, render: 85ms)
 GET /login 200 in 88ms (compile: 4ms, render: 84ms)
 GET /login 200 in 79ms (compile: 3ms, render: 76ms)
 GET /login 200 in 83ms (compile: 4ms, render: 79ms)
 GET /login 200 in 75ms (compile: 3ms, render: 72ms)
 GET /login 200 in 74ms (compile: 5ms, render: 70ms)
 GET /login 200 in 72ms (compile: 5ms, render: 67ms)
 GET /login 200 in 73ms (compile: 6ms, render: 67ms)
 GET /login 200 in 71ms (compile: 3ms, render: 68ms)
 GET /login 200 in 74ms (compile: 1472µs, render: 72ms)
 GET /login 200 in 76ms (compile: 3ms, render: 73ms)
 GET /login 200 in 78ms (compile: 3ms, render: 75ms)
 GET /login 200 in 71ms (compile: 4ms, render: 67ms)
 GET /login 200 in 69ms (compile: 3ms, render: 66ms)
 GET /login 200 in 71ms (compile: 3ms, render: 67ms)
 GET /login 200 in 72ms (compile: 3ms, render: 69ms)
 GET /login 200 in 84ms (compile: 4ms, render: 80ms)
 GET /login 200 in 78ms (compile: 3ms, render: 75ms)
 GET /login 200 in 75ms (compile: 3ms, render: 72ms)
 GET /login 200 in 69ms (compile: 4ms, render: 65ms)
 GET /login 200 in 67ms (compile: 3ms, render: 63ms)
 GET /login 200 in 62ms (compile: 1532µs, render: 61ms)
 GET /login 200 in 63ms (compile: 2ms, render: 60ms)
 GET /login 200 in 64ms (compile: 1905µs, render: 62ms)
 GET /login 200 in 66ms (compile: 2ms, render: 64ms)
 GET /login 200 in 56ms (compile: 1924µs, render: 54ms)
 GET /login 200 in 74ms (compile: 1719µs, render: 72ms)
 GET /login 200 in 65ms (compile: 2ms, render: 63ms)
 GET /login 200 in 66ms (compile: 3ms, render: 63ms)
 GET /login 200 in 65ms (compile: 2ms, render: 63ms)
 GET /login 200 in 75ms (compile: 2ms, render: 73ms)
 GET /login 200 in 69ms (compile: 6ms, render: 63ms)
 GET /login 200 in 57ms (compile: 3ms, render: 54ms)
 GET /login 200 in 44ms (compile: 3ms, render: 42ms)
 GET /login 200 in 33ms (compile: 1854µs, render: 31ms)
 GET /login 200 in 20ms (compile: 2ms, render: 18ms)
 HEAD /automation 200 in 247ms (compile: 175ms, render: 72ms)
 GET /automation 200 in 55ms (compile: 8ms, render: 47ms)
 GET /login 200 in 162ms (compile: 10ms, render: 152ms)
 GET /automation 200 in 71ms (compile: 27ms, render: 44ms)
 GET /login 200 in 75ms (compile: 7ms, render: 68ms)
 GET /automation 200 in 164ms (compile: 50ms, render: 114ms)
 GET /login 200 in 173ms (compile: 14ms, render: 159ms)
 GET / 200 in 131ms (compile: 34ms, render: 98ms)
 GET / 200 in 55ms (compile: 7ms, render: 49ms)
 GET /automation 200 in 34ms (compile: 8ms, render: 26ms)
 GET /devices/diy 200 in 75ms (compile: 42ms, render: 33ms)
 GET /devices/diy 200 in 272ms (compile: 17ms, render: 254ms)
 GET /login 200 in 168ms (compile: 17ms, render: 151ms)
 GET / 200 in 60ms (compile: 9ms, render: 51ms)
 GET / 200 in 29ms (compile: 10ms, render: 20ms)
 GET /devices/diy 200 in 25ms (compile: 4ms, render: 21ms)
 GET /devices 200 in 92ms (compile: 68ms, render: 24ms)
 GET /devices/diy 200 in 21ms (compile: 4ms, render: 17ms)
 GET /devices/diy 200 in 77ms (compile: 32ms, render: 46ms)
 GET /login 200 in 216ms (compile: 22ms, render: 194ms)
 GET / 200 in 68ms (compile: 11ms, render: 57ms)
 GET / 200 in 33ms (compile: 15ms, render: 18ms)
 GET /devices/diy 200 in 56ms (compile: 15ms, render: 40ms)
✓ Compiled in 97ms
✓ Compiled in 35ms
 GET /login 200 in 138ms (compile: 7ms, render: 131ms)
 GET /devices/diy 200 in 184ms (compile: 79ms, render: 105ms)
 GET /devices 200 in 28ms (compile: 9ms, render: 19ms)
✓ Compiled in 0ms
 GET /devices/discovery 200 in 129ms (compile: 119ms, render: 11ms)
 GET / 200 in 17ms (compile: 3ms, render: 14ms)
 GET /automation 200 in 51ms (compile: 7ms, render: 44ms)
 GET / 200 in 293ms (compile: 42ms, render: 251ms)
 GET /login 200 in 178ms (compile: 44ms, render: 134ms)
 GET / 200 in 48ms (compile: 10ms, render: 38ms)
 GET / 200 in 18ms (compile: 3ms, render: 15ms)
 GET /devices 200 in 196ms (compile: 10ms, render: 187ms)
 GET /devices/diy 200 in 115ms (compile: 39ms, render: 76ms)
 GET /devices/diy 200 in 127ms (compile: 14ms, render: 114ms)
 GET /automation 200 in 44ms (compile: 10ms, render: 34ms)
 GET / 200 in 60ms (compile: 9ms, render: 51ms)
 GET / 200 in 124ms (compile: 11ms, render: 113ms)
 GET / 200 in 146ms (compile: 3ms, render: 143ms)
 GET /login 200 in 43ms (compile: 5ms, render: 38ms)
 GET /login 200 in 24ms (compile: 3ms, render: 21ms)
 GET /login 200 in 34ms (compile: 2ms, render: 31ms)
 GET /login 200 in 286ms (compile: 13ms, render: 273ms)
 GET /login 200 in 186ms (compile: 8ms, render: 178ms)
 GET /login 200 in 92ms (compile: 5ms, render: 87ms)
 GET /login 200 in 161ms (compile: 3ms, render: 158ms)
 GET /login 200 in 241ms (compile: 7ms, render: 233ms)
